{
  "stats": {
    "suites": 12,
    "tests": 41,
    "passes": 21,
    "pending": 0,
    "failures": 20,
    "start": "2021-07-08T20:00:30.333Z",
    "end": "2021-07-08T20:02:01.571Z",
    "duration": 91238,
    "testsRegistered": 41,
    "passPercent": 51.21951219512195,
    "pendingPercent": 0,
    "other": 0,
    "hasOther": false,
    "skipped": 0,
    "hasSkipped": false
  },
  "results": [
    {
      "uuid": "0efd0780-6ac1-4a12-8f91-7cf83405e448",
      "title": "",
      "fullFile": "cypress/integration/project.spec.js",
      "file": "cypress/integration/project.spec.js",
      "beforeHooks": [],
      "afterHooks": [],
      "tests": [],
      "suites": [
        {
          "uuid": "18fd29e7-70e1-49b6-9d92-2bbb4dab08c0",
          "title": "1 - Adicione à página o título \"Paleta de Cores\".",
          "fullFile": "",
          "file": "",
          "beforeHooks": [],
          "afterHooks": [],
          "tests": [
            {
              "title": "Verifica se contém um elemento `h1` com o id `title` com o título correto",
              "fullTitle": "1 - Adicione à página o título \"Paleta de Cores\". Verifica se contém um elemento `h1` com o id `title` com o título correto",
              "timedOut": null,
              "duration": 132,
              "state": "passed",
              "speed": "slow",
              "pass": true,
              "fail": false,
              "pending": false,
              "context": null,
              "code": "cy.get('h1#title').should('contain.text', 'Paleta de Cores');",
              "err": {},
              "uuid": "2253fa46-dd24-43cf-8804-4b194ae7ff49",
              "parentUUID": "18fd29e7-70e1-49b6-9d92-2bbb4dab08c0",
              "isHook": false,
              "skipped": false
            }
          ],
          "suites": [],
          "passes": [
            "2253fa46-dd24-43cf-8804-4b194ae7ff49"
          ],
          "failures": [],
          "pending": [],
          "skipped": [],
          "duration": 132,
          "root": false,
          "rootEmpty": false,
          "_timeout": 2000
        },
        {
          "uuid": "ca509407-43ab-4070-9f3b-853349dcbcd1",
          "title": "2 - Adicione à página uma paleta de quatro cores distintas.",
          "fullFile": "",
          "file": "",
          "beforeHooks": [],
          "afterHooks": [],
          "tests": [
            {
              "title": "A paleta de cores deve ser um elemento com `id` denominado `color-palette`",
              "fullTitle": "2 - Adicione à página uma paleta de quatro cores distintas. A paleta de cores deve ser um elemento com `id` denominado `color-palette`",
              "timedOut": null,
              "duration": 62,
              "state": "passed",
              "speed": "medium",
              "pass": true,
              "fail": false,
              "pending": false,
              "context": null,
              "code": "cy.get('#color-palette').should('be.visible');",
              "err": {},
              "uuid": "1780cd7a-098d-4772-ad45-1a04429f102e",
              "parentUUID": "ca509407-43ab-4070-9f3b-853349dcbcd1",
              "isHook": false,
              "skipped": false
            },
            {
              "title": "Verifica se cada cor individual da paleta de cores possui a `classe` chamada `color`.",
              "fullTitle": "2 - Adicione à página uma paleta de quatro cores distintas. Verifica se cada cor individual da paleta de cores possui a `classe` chamada `color`.",
              "timedOut": null,
              "duration": 89,
              "state": "passed",
              "speed": "slow",
              "pass": true,
              "fail": false,
              "pending": false,
              "context": null,
              "code": "cy.get('.color').should('have.length', 4).then(function (colors) {\n  for (var i = 0; i < colors.length; i++) {\n    cy.wrap(colors[i]).should('be.visible');\n  }\n});",
              "err": {},
              "uuid": "4ce30856-597f-4abd-b165-79999651e55d",
              "parentUUID": "ca509407-43ab-4070-9f3b-853349dcbcd1",
              "isHook": false,
              "skipped": false
            },
            {
              "title": "Verifica se a cor de fundo de cada elemento da paleta é a cor que o elemento representa. **A única cor não permitida na paleta é a cor branca.**",
              "fullTitle": "2 - Adicione à página uma paleta de quatro cores distintas. Verifica se a cor de fundo de cada elemento da paleta é a cor que o elemento representa. **A única cor não permitida na paleta é a cor branca.**",
              "timedOut": null,
              "duration": 101,
              "state": "passed",
              "speed": "slow",
              "pass": true,
              "fail": false,
              "pending": false,
              "context": null,
              "code": "cy.get('.color').each(function (color) {\n  cy.wrap(color).should('have.class', 'color').and('not.have.css', 'background-color', WHITE);\n  cy.wrap(color).should('have.css', 'background-color');\n});",
              "err": {},
              "uuid": "65cb0a89-97df-4ba5-aeb1-57d1121d51f2",
              "parentUUID": "ca509407-43ab-4070-9f3b-853349dcbcd1",
              "isHook": false,
              "skipped": false
            },
            {
              "title": "Verifica se cada elemento da paleta de cores tem uma borda preta, sólida e com 1 pixel de largura;",
              "fullTitle": "2 - Adicione à página uma paleta de quatro cores distintas. Verifica se cada elemento da paleta de cores tem uma borda preta, sólida e com 1 pixel de largura;",
              "timedOut": null,
              "duration": 83,
              "state": "passed",
              "speed": "slow",
              "pass": true,
              "fail": false,
              "pending": false,
              "context": null,
              "code": "cy.get('.color').each(function (color) {\n  cy.wrap(color).and('have.css', 'border', \"1px solid \".concat(BLACK)).and('have.class', 'color');\n});",
              "err": {},
              "uuid": "a0964d4c-3dcc-4494-b330-2808398a4705",
              "parentUUID": "ca509407-43ab-4070-9f3b-853349dcbcd1",
              "isHook": false,
              "skipped": false
            },
            {
              "title": "Verifica se a paleta lista todas as cores disponíveis para utilização, lado a lado.",
              "fullTitle": "2 - Adicione à página uma paleta de quatro cores distintas. Verifica se a paleta lista todas as cores disponíveis para utilização, lado a lado.",
              "timedOut": null,
              "duration": 123,
              "state": "passed",
              "speed": "slow",
              "pass": true,
              "fail": false,
              "pending": false,
              "context": null,
              "code": "cy.get('.color').then(function (colors) {\n  for (var index = 1; index < colors.length; index += 1) {\n    var currentColor = colors[index];\n    var previousColor = colors[index - 1];\n    cy.wrap(currentColor).should('be.onTheRightOf', previousColor).and('be.horizontallyAlignedWith', previousColor);\n  }\n});",
              "err": {},
              "uuid": "4f414c48-4a8a-4436-b56c-fdeeb89e512f",
              "parentUUID": "ca509407-43ab-4070-9f3b-853349dcbcd1",
              "isHook": false,
              "skipped": false
            },
            {
              "title": "Verifica se a paleta de cores está posicionada abaixo do título 'Paleta de Cores'",
              "fullTitle": "2 - Adicione à página uma paleta de quatro cores distintas. Verifica se a paleta de cores está posicionada abaixo do título 'Paleta de Cores'",
              "timedOut": null,
              "duration": 84,
              "state": "passed",
              "speed": "slow",
              "pass": true,
              "fail": false,
              "pending": false,
              "context": null,
              "code": "cy.get('h1#title').then(function (title) {\n  cy.get('#color-palette').should('be.belowOf', title);\n});",
              "err": {},
              "uuid": "0210a9fa-af6e-4912-976b-474a0102bcb7",
              "parentUUID": "ca509407-43ab-4070-9f3b-853349dcbcd1",
              "isHook": false,
              "skipped": false
            },
            {
              "title": "Verifica se a paleta de cores não contém cores repetidas.",
              "fullTitle": "2 - Adicione à página uma paleta de quatro cores distintas. Verifica se a paleta de cores não contém cores repetidas.",
              "timedOut": null,
              "duration": 92,
              "state": "passed",
              "speed": "slow",
              "pass": true,
              "fail": false,
              "pending": false,
              "context": null,
              "code": "cy.get('.color').then(function (colors) {\n  var allColors = Array.from(colors).map(function (color) {\n    return Cypress.$(color).css('background-color');\n  });\n  cy.log(allColors);\n  var uniqColors = (0, _toConsumableArray2[\"default\"])(new Set(allColors));\n  cy.log(uniqColors);\n  expect(allColors.length).to.eq(uniqColors.length);\n});",
              "err": {},
              "uuid": "976e52e5-f920-4acf-b0d8-cb6b91ca824b",
              "parentUUID": "ca509407-43ab-4070-9f3b-853349dcbcd1",
              "isHook": false,
              "skipped": false
            }
          ],
          "suites": [],
          "passes": [
            "1780cd7a-098d-4772-ad45-1a04429f102e",
            "4ce30856-597f-4abd-b165-79999651e55d",
            "65cb0a89-97df-4ba5-aeb1-57d1121d51f2",
            "a0964d4c-3dcc-4494-b330-2808398a4705",
            "4f414c48-4a8a-4436-b56c-fdeeb89e512f",
            "0210a9fa-af6e-4912-976b-474a0102bcb7",
            "976e52e5-f920-4acf-b0d8-cb6b91ca824b"
          ],
          "failures": [],
          "pending": [],
          "skipped": [],
          "duration": 634,
          "root": false,
          "rootEmpty": false,
          "_timeout": 2000
        },
        {
          "uuid": "3ff9cb02-1871-4b4b-ab98-40272235405e",
          "title": "3 - Adicione a cor **preta** como a primeira cor da paleta de cores.",
          "fullFile": "",
          "file": "",
          "beforeHooks": [],
          "afterHooks": [],
          "tests": [
            {
              "title": "Verifica se a primeira cor da paleta é preta",
              "fullTitle": "3 - Adicione a cor **preta** como a primeira cor da paleta de cores. Verifica se a primeira cor da paleta é preta",
              "timedOut": null,
              "duration": 112,
              "state": "passed",
              "speed": "slow",
              "pass": true,
              "fail": false,
              "pending": false,
              "context": null,
              "code": "cy.get('.color').first().should('have.css', 'background-color', BLACK);",
              "err": {},
              "uuid": "d60a713f-501a-4ad1-b131-794d5ce7ee8b",
              "parentUUID": "3ff9cb02-1871-4b4b-ab98-40272235405e",
              "isHook": false,
              "skipped": false
            },
            {
              "title": "Verifica se as demais cores podem ser escolhidas livremente.",
              "fullTitle": "3 - Adicione a cor **preta** como a primeira cor da paleta de cores. Verifica se as demais cores podem ser escolhidas livremente.",
              "timedOut": null,
              "duration": 121,
              "state": "passed",
              "speed": "slow",
              "pass": true,
              "fail": false,
              "pending": false,
              "context": null,
              "code": "cy.get('.color').eq(1).should('not.have.css', 'background-color', BLACK);\ncy.get('.color').eq(1).should('not.have.css', 'background-color', WHITE);\ncy.get('.color').eq(1).should('not.have.css', 'background-color', 'rgba(0, 0, 0, 0)');\ncy.get('.color').eq(1).should('have.css', 'background-color');\ncy.get('.color').eq(2).should('not.have.css', 'background-color', BLACK);\ncy.get('.color').eq(2).should('not.have.css', 'background-color', WHITE);\ncy.get('.color').eq(2).should('not.have.css', 'background-color', 'rgba(0, 0, 0, 0)');\ncy.get('.color').eq(2).should('have.css', 'background-color');\ncy.get('.color').eq(3).should('not.have.css', 'background-color', BLACK);\ncy.get('.color').eq(3).should('not.have.css', 'background-color', WHITE);\ncy.get('.color').eq(3).should('not.have.css', 'background-color', 'rgba(0, 0, 0, 0)');\ncy.get('.color').eq(3).should('have.css', 'background-color');",
              "err": {},
              "uuid": "9c788f0d-34cb-414b-a113-1e7ed6f1dd43",
              "parentUUID": "3ff9cb02-1871-4b4b-ab98-40272235405e",
              "isHook": false,
              "skipped": false
            }
          ],
          "suites": [],
          "passes": [
            "d60a713f-501a-4ad1-b131-794d5ce7ee8b",
            "9c788f0d-34cb-414b-a113-1e7ed6f1dd43"
          ],
          "failures": [],
          "pending": [],
          "skipped": [],
          "duration": 233,
          "root": false,
          "rootEmpty": false,
          "_timeout": 2000
        },
        {
          "uuid": "bb5d18c1-438c-43c7-b01b-d0e2135d9a0d",
          "title": "4 - Adicione à página um quadro de pixels, com 25 pixels.",
          "fullFile": "",
          "file": "",
          "beforeHooks": [],
          "afterHooks": [],
          "tests": [
            {
              "title": "Verifica se o quadro de pixels possui o `id` denominado `pixel-board`",
              "fullTitle": "4 - Adicione à página um quadro de pixels, com 25 pixels. Verifica se o quadro de pixels possui o `id` denominado `pixel-board`",
              "timedOut": null,
              "duration": 59,
              "state": "passed",
              "speed": "medium",
              "pass": true,
              "fail": false,
              "pending": false,
              "context": null,
              "code": "cy.get('#pixel-board').should('be.visible');",
              "err": {},
              "uuid": "9b11b677-c98b-4ff1-b262-42fb26df8bf4",
              "parentUUID": "bb5d18c1-438c-43c7-b01b-d0e2135d9a0d",
              "isHook": false,
              "skipped": false
            },
            {
              "title": "Verifica se cada pixel individual dentro do quadro possui a `classe` denominada `pixel`.",
              "fullTitle": "4 - Adicione à página um quadro de pixels, com 25 pixels. Verifica se cada pixel individual dentro do quadro possui a `classe` denominada `pixel`.",
              "timedOut": null,
              "duration": 100,
              "state": "passed",
              "speed": "slow",
              "pass": true,
              "fail": false,
              "pending": false,
              "context": null,
              "code": "cy.get('.pixel').should('have.length', 25);",
              "err": {},
              "uuid": "c39c4a07-5c10-48fc-9fb6-2b0ea96e1e62",
              "parentUUID": "bb5d18c1-438c-43c7-b01b-d0e2135d9a0d",
              "isHook": false,
              "skipped": false
            },
            {
              "title": "Verifica se a cor inicial dos pixels dentro do quadro, ao abrir a página, é branca.",
              "fullTitle": "4 - Adicione à página um quadro de pixels, com 25 pixels. Verifica se a cor inicial dos pixels dentro do quadro, ao abrir a página, é branca.",
              "timedOut": null,
              "duration": 106,
              "state": "passed",
              "speed": "slow",
              "pass": true,
              "fail": false,
              "pending": false,
              "context": null,
              "code": "cy.get('.pixel').should('have.length', 25).each(function (pixel) {\n  expect(pixel).to.have.css('background-color', WHITE);\n});",
              "err": {},
              "uuid": "71d894e3-45db-40c5-9ba0-6a91ed7894a8",
              "parentUUID": "bb5d18c1-438c-43c7-b01b-d0e2135d9a0d",
              "isHook": false,
              "skipped": false
            },
            {
              "title": "Verifica se o quadro de pixels aparece abaixo da paleta de cores",
              "fullTitle": "4 - Adicione à página um quadro de pixels, com 25 pixels. Verifica se o quadro de pixels aparece abaixo da paleta de cores",
              "timedOut": null,
              "duration": 64,
              "state": "passed",
              "speed": "medium",
              "pass": true,
              "fail": false,
              "pending": false,
              "context": null,
              "code": "cy.get('#color-palette').then(function (palette) {\n  cy.get('#pixel-board').should('be.belowOf', palette);\n});",
              "err": {},
              "uuid": "cec5f382-1028-41e9-a813-0b09614deb87",
              "parentUUID": "bb5d18c1-438c-43c7-b01b-d0e2135d9a0d",
              "isHook": false,
              "skipped": false
            }
          ],
          "suites": [],
          "passes": [
            "9b11b677-c98b-4ff1-b262-42fb26df8bf4",
            "c39c4a07-5c10-48fc-9fb6-2b0ea96e1e62",
            "71d894e3-45db-40c5-9ba0-6a91ed7894a8",
            "cec5f382-1028-41e9-a813-0b09614deb87"
          ],
          "failures": [],
          "pending": [],
          "skipped": [],
          "duration": 329,
          "root": false,
          "rootEmpty": false,
          "_timeout": 2000
        },
        {
          "uuid": "681c5f17-9cc8-43d6-a50b-f2704bfaedd9",
          "title": "5 - Faça com que cada elemento do quadro de pixels possua 40 pixels de largura, 40 pixels de altura e seja delimitado por uma borda preta de 1 pixel.",
          "fullFile": "",
          "file": "",
          "beforeHooks": [],
          "afterHooks": [],
          "tests": [
            {
              "title": "Verifica se o quadro de pixels tem altura e comprimento de 5 elementos",
              "fullTitle": "5 - Faça com que cada elemento do quadro de pixels possua 40 pixels de largura, 40 pixels de altura e seja delimitado por uma borda preta de 1 pixel. Verifica se o quadro de pixels tem altura e comprimento de 5 elementos",
              "timedOut": null,
              "duration": 207,
              "state": "passed",
              "speed": "slow",
              "pass": true,
              "fail": false,
              "pending": false,
              "context": null,
              "code": "cy.get('.pixel').should('have.length', 25).each(function (pixel) {\n  expect(pixel).to.have.css('background-color', WHITE);\n}).and(function (pixels) {\n  var rows = chunk(pixels, 5);\n  rows.forEach(function (row) {\n    for (var index = 1; index < row.length; index += 1) {\n      var current = pixels[index];\n      var previous = pixels[index - 1];\n      cy.wrap(current).should('be.onTheRightOf', previous).and('be.horizontallyAlignedWith', previous);\n    }\n  });\n  for (var index = 1; index < 5; index += 1) {\n    expect(pixels[index * 5]).to.be.belowOf(pixels[(index - 1) * 5]);\n  }\n});",
              "err": {},
              "uuid": "edfe1152-38c4-4111-9511-0a1aea474731",
              "parentUUID": "681c5f17-9cc8-43d6-a50b-f2704bfaedd9",
              "isHook": false,
              "skipped": false
            },
            {
              "title": "Verifica se 40 pixels é o tamanho total do elemento, incluindo seu conteúdo e excluindo a borda preta, que deve ser criada à parte.",
              "fullTitle": "5 - Faça com que cada elemento do quadro de pixels possua 40 pixels de largura, 40 pixels de altura e seja delimitado por uma borda preta de 1 pixel. Verifica se 40 pixels é o tamanho total do elemento, incluindo seu conteúdo e excluindo a borda preta, que deve ser criada à parte.",
              "timedOut": null,
              "duration": 196,
              "state": "passed",
              "speed": "slow",
              "pass": true,
              "fail": false,
              "pending": false,
              "context": null,
              "code": "cy.get('.pixel').each(function (pixel) {\n  cy.wrap(pixel).should('have.css', 'height', '40px').and('have.css', 'width', '40px').and('have.css', 'border', \"1px solid \".concat(BLACK));\n});",
              "err": {},
              "uuid": "a5837a06-7efd-49cd-ac4c-61c88d81c82c",
              "parentUUID": "681c5f17-9cc8-43d6-a50b-f2704bfaedd9",
              "isHook": false,
              "skipped": false
            }
          ],
          "suites": [],
          "passes": [
            "edfe1152-38c4-4111-9511-0a1aea474731",
            "a5837a06-7efd-49cd-ac4c-61c88d81c82c"
          ],
          "failures": [],
          "pending": [],
          "skipped": [],
          "duration": 403,
          "root": false,
          "rootEmpty": false,
          "_timeout": 2000
        },
        {
          "uuid": "f720169e-a355-414b-8e1d-d9177aa0245d",
          "title": "6 - Defina a cor preta como cor inicial. Ao carregar a página a cor preta já deve estar selecionada para pintar os pixels",
          "fullFile": "",
          "file": "",
          "beforeHooks": [],
          "afterHooks": [],
          "tests": [
            {
              "title": "Verifica se o elemento da cor preta possui, inicialmente, a `classe` `selected`",
              "fullTitle": "6 - Defina a cor preta como cor inicial. Ao carregar a página a cor preta já deve estar selecionada para pintar os pixels Verifica se o elemento da cor preta possui, inicialmente, a `classe` `selected`",
              "timedOut": null,
              "duration": 63,
              "state": "passed",
              "speed": "medium",
              "pass": true,
              "fail": false,
              "pending": false,
              "context": null,
              "code": "cy.get('.selected').first().should('have.css', 'background-color', BLACK);",
              "err": {},
              "uuid": "1504f9c2-25f7-4a1f-a28d-398d1e893d9a",
              "parentUUID": "f720169e-a355-414b-8e1d-d9177aa0245d",
              "isHook": false,
              "skipped": false
            },
            {
              "title": "Verifica se nenhuma outra cor da paleta tem a `classe` `selected`",
              "fullTitle": "6 - Defina a cor preta como cor inicial. Ao carregar a página a cor preta já deve estar selecionada para pintar os pixels Verifica se nenhuma outra cor da paleta tem a `classe` `selected`",
              "timedOut": null,
              "duration": 67,
              "state": "passed",
              "speed": "medium",
              "pass": true,
              "fail": false,
              "pending": false,
              "context": null,
              "code": "cy.get('.color:not(:first-child)').each(function (color) {\n  cy.wrap(color).should('not.have.class', 'selected');\n});",
              "err": {},
              "uuid": "0cf9d5bd-d39f-4b43-86be-2a26edac40f7",
              "parentUUID": "f720169e-a355-414b-8e1d-d9177aa0245d",
              "isHook": false,
              "skipped": false
            }
          ],
          "suites": [],
          "passes": [
            "1504f9c2-25f7-4a1f-a28d-398d1e893d9a",
            "0cf9d5bd-d39f-4b43-86be-2a26edac40f7"
          ],
          "failures": [],
          "pending": [],
          "skipped": [],
          "duration": 130,
          "root": false,
          "rootEmpty": false,
          "_timeout": 2000
        },
        {
          "uuid": "2e5ae6eb-7ce7-4dd4-9278-ace0012a94dd",
          "title": "7 - Clicar em uma das cores da paleta, faz com que ela seja selecionada e utilizada para preencher os pixels no quadro.",
          "fullFile": "",
          "file": "",
          "beforeHooks": [],
          "afterHooks": [],
          "tests": [
            {
              "title": "Verifica se somente uma cor da paleta de cores tem a classe `selected` de cada vez",
              "fullTitle": "7 - Clicar em uma das cores da paleta, faz com que ela seja selecionada e utilizada para preencher os pixels no quadro. Verifica se somente uma cor da paleta de cores tem a classe `selected` de cada vez",
              "timedOut": null,
              "duration": 462,
              "state": "passed",
              "speed": "slow",
              "pass": true,
              "fail": false,
              "pending": false,
              "context": null,
              "code": "cy.get('.color').each(function (selectedColor, selectedColorIndex) {\n  cy.wrap(selectedColor).click();\n  cy.get('.color').each(function (color, colorIndex) {\n    if (colorIndex === selectedColorIndex) {\n      expect(color).to.have[\"class\"]('selected');\n    } else {\n      expect(color).not.to.have[\"class\"]('selected');\n    }\n  });\n});",
              "err": {},
              "uuid": "16effebf-e434-4f2e-a7eb-e0634b5bc9d7",
              "parentUUID": "2e5ae6eb-7ce7-4dd4-9278-ace0012a94dd",
              "isHook": false,
              "skipped": false
            },
            {
              "title": "Verifica se os pixels dentro do quadro não têm a classe `selected` quando são clicados",
              "fullTitle": "7 - Clicar em uma das cores da paleta, faz com que ela seja selecionada e utilizada para preencher os pixels no quadro. Verifica se os pixels dentro do quadro não têm a classe `selected` quando são clicados",
              "timedOut": null,
              "duration": 9017,
              "state": "passed",
              "speed": "slow",
              "pass": true,
              "fail": false,
              "pending": false,
              "context": null,
              "code": "cy.get('.color').each(function (color) {\n  var backgroundColor = color.css('background-color');\n  cy.wrap(color).click();\n  cy.get('.pixel').each(function (pixel) {\n    cy.wrap(pixel).click().should('not.have.class', 'selected');\n  });\n});",
              "err": {},
              "uuid": "4e96c559-7b16-4994-a968-b92c52f34b99",
              "parentUUID": "2e5ae6eb-7ce7-4dd4-9278-ace0012a94dd",
              "isHook": false,
              "skipped": false
            }
          ],
          "suites": [],
          "passes": [
            "16effebf-e434-4f2e-a7eb-e0634b5bc9d7",
            "4e96c559-7b16-4994-a968-b92c52f34b99"
          ],
          "failures": [],
          "pending": [],
          "skipped": [],
          "duration": 9479,
          "root": false,
          "rootEmpty": false,
          "_timeout": 2000
        },
        {
          "uuid": "b24f8b97-2bf7-46a9-9af7-abf7ce338556",
          "title": "8 - Clicar em um pixel dentro do quadro após selecionar uma cor na paleta, faz com que o pixel seja preenchido com a cor selecionada.",
          "fullFile": "",
          "file": "",
          "beforeHooks": [],
          "afterHooks": [],
          "tests": [
            {
              "title": "Verifica se ao carregar a página deve ser possível pintar os pixels de preto",
              "fullTitle": "8 - Clicar em um pixel dentro do quadro após selecionar uma cor na paleta, faz com que o pixel seja preenchido com a cor selecionada. Verifica se ao carregar a página deve ser possível pintar os pixels de preto",
              "timedOut": null,
              "duration": 4308,
              "state": "failed",
              "speed": null,
              "pass": false,
              "fail": true,
              "pending": false,
              "context": null,
              "code": "cy.get('.pixel').each(function (pixel) {\n  cy.wrap(pixel).click().should('have.css', 'background-color', BLACK);\n});",
              "err": {
                "message": "CypressError: Timed out retrying: expected '<div.pixel>' to have CSS property 'background-color' with the value 'rgb(0, 0, 0)', but the value was 'rgb(255, 255, 255)'",
                "estack": "CypressError: Timed out retrying: expected '<div.pixel>' to have CSS property 'background-color' with the value 'rgb(0, 0, 0)', but the value was 'rgb(255, 255, 255)'\n    at cypressErr (http://localhost:34961/__cypress/runner/cypress_runner.js:149934:9)\n    at throwErr (http://localhost:34961/__cypress/runner/cypress_runner.js:149867:11)\n    at Object.throwErrByPath (http://localhost:34961/__cypress/runner/cypress_runner.js:149915:3)\n    at retry (http://localhost:34961/__cypress/runner/cypress_runner.js:144197:19)\n    at onFailFn (http://localhost:34961/__cypress/runner/cypress_runner.js:132448:16)\n    at tryCatcher (http://localhost:34961/__cypress/runner/cypress_runner.js:167415:23)\n    at Promise._settlePromiseFromHandler (http://localhost:34961/__cypress/runner/cypress_runner.js:165351:31)\n    at Promise._settlePromise (http://localhost:34961/__cypress/runner/cypress_runner.js:165408:18)\n    at Promise._settlePromise0 (http://localhost:34961/__cypress/runner/cypress_runner.js:165453:10)\n    at Promise._settlePromises (http://localhost:34961/__cypress/runner/cypress_runner.js:165528:18)\n    at Async../node_modules/bluebird/js/release/async.js.Async._drainQueue (http://localhost:34961/__cypress/runner/cypress_runner.js:162140:16)\n    at Async../node_modules/bluebird/js/release/async.js.Async._drainQueues (http://localhost:34961/__cypress/runner/cypress_runner.js:162150:10)\n    at Async.drainQueues (http://localhost:34961/__cypress/runner/cypress_runner.js:162024:14)",
                "diff": null
              },
              "uuid": "c31aa189-5db7-4e90-9ab8-56368c77e474",
              "parentUUID": "b24f8b97-2bf7-46a9-9af7-abf7ce338556",
              "isHook": false,
              "skipped": false
            },
            {
              "title": "Verifica se após selecionar uma outra cor na paleta, é possível pintar os pixels com essa cor",
              "fullTitle": "8 - Clicar em um pixel dentro do quadro após selecionar uma cor na paleta, faz com que o pixel seja preenchido com a cor selecionada. Verifica se após selecionar uma outra cor na paleta, é possível pintar os pixels com essa cor",
              "timedOut": null,
              "duration": 4342,
              "state": "failed",
              "speed": null,
              "pass": false,
              "fail": true,
              "pending": false,
              "context": null,
              "code": "cy.get('.color').each(function (color) {\n  var backgroundColor = color.css('background-color');\n  cy.wrap(color).click();\n  cy.get('.pixel').each(function (pixel) {\n    cy.wrap(pixel).click().should('have.css', 'background-color', backgroundColor);\n  });\n});",
              "err": {
                "message": "CypressError: Timed out retrying: expected '<div.pixel>' to have CSS property 'background-color' with the value 'rgb(0, 0, 0)', but the value was 'rgb(255, 255, 255)'",
                "estack": "CypressError: Timed out retrying: expected '<div.pixel>' to have CSS property 'background-color' with the value 'rgb(0, 0, 0)', but the value was 'rgb(255, 255, 255)'\n    at cypressErr (http://localhost:34961/__cypress/runner/cypress_runner.js:149934:9)\n    at throwErr (http://localhost:34961/__cypress/runner/cypress_runner.js:149867:11)\n    at Object.throwErrByPath (http://localhost:34961/__cypress/runner/cypress_runner.js:149915:3)\n    at retry (http://localhost:34961/__cypress/runner/cypress_runner.js:144197:19)\n    at onFailFn (http://localhost:34961/__cypress/runner/cypress_runner.js:132448:16)\n    at tryCatcher (http://localhost:34961/__cypress/runner/cypress_runner.js:167415:23)\n    at Promise._settlePromiseFromHandler (http://localhost:34961/__cypress/runner/cypress_runner.js:165351:31)\n    at Promise._settlePromise (http://localhost:34961/__cypress/runner/cypress_runner.js:165408:18)\n    at Promise._settlePromise0 (http://localhost:34961/__cypress/runner/cypress_runner.js:165453:10)\n    at Promise._settlePromises (http://localhost:34961/__cypress/runner/cypress_runner.js:165528:18)\n    at Async../node_modules/bluebird/js/release/async.js.Async._drainQueue (http://localhost:34961/__cypress/runner/cypress_runner.js:162140:16)\n    at Async../node_modules/bluebird/js/release/async.js.Async._drainQueues (http://localhost:34961/__cypress/runner/cypress_runner.js:162150:10)\n    at Async.drainQueues (http://localhost:34961/__cypress/runner/cypress_runner.js:162024:14)",
                "diff": null
              },
              "uuid": "2d523d12-9d0a-4e7f-abb9-5b045cf4ad3d",
              "parentUUID": "b24f8b97-2bf7-46a9-9af7-abf7ce338556",
              "isHook": false,
              "skipped": false
            },
            {
              "title": "Verifica se somente o pixel que foi clicado foi preenchido com a cor selecionada, sem influenciar na cor dos demais pixels.",
              "fullTitle": "8 - Clicar em um pixel dentro do quadro após selecionar uma cor na paleta, faz com que o pixel seja preenchido com a cor selecionada. Verifica se somente o pixel que foi clicado foi preenchido com a cor selecionada, sem influenciar na cor dos demais pixels.",
              "timedOut": null,
              "duration": 1283,
              "state": "passed",
              "speed": "slow",
              "pass": true,
              "fail": false,
              "pending": false,
              "context": null,
              "code": "var colorToPixelIndexMap = {\n  0: 6,\n  1: 8,\n  2: 16,\n  3: 18\n};\ncy.get('.color').each(function (color, index) {\n  cy.wrap(color).click();\n  var backgroundColor = color.css('background-color');\n  var clickedPixelIndex = colorToPixelIndexMap[index];\n  cy.get('.pixel').eq(clickedPixelIndex).click();\n  cy.get('.pixel').eq(clickedPixelIndex - 1).should('not.have.css', 'background-color', backgroundColor);\n  cy.get('.pixel').eq(clickedPixelIndex + 1).should('not.have.css', 'background-color', backgroundColor);\n  cy.get('.pixel').eq(clickedPixelIndex - 5).should('not.have.css', 'background-color', backgroundColor);\n  cy.get('.pixel').eq(clickedPixelIndex + 5).should('not.have.css', 'background-color', backgroundColor);\n  cy.get('.pixel').eq(clickedPixelIndex - 6).should('not.have.css', 'background-color', backgroundColor);\n  cy.get('.pixel').eq(clickedPixelIndex - 4).should('not.have.css', 'background-color', backgroundColor);\n  cy.get('.pixel').eq(clickedPixelIndex + 4).should('not.have.css', 'background-color', backgroundColor);\n  cy.get('.pixel').eq(clickedPixelIndex + 6).should('not.have.css', 'background-color', backgroundColor);\n});",
              "err": {},
              "uuid": "1540b4ad-ed0a-4d74-9988-0d3ed37ab0c0",
              "parentUUID": "b24f8b97-2bf7-46a9-9af7-abf7ce338556",
              "isHook": false,
              "skipped": false
            }
          ],
          "suites": [],
          "passes": [
            "1540b4ad-ed0a-4d74-9988-0d3ed37ab0c0"
          ],
          "failures": [
            "c31aa189-5db7-4e90-9ab8-56368c77e474",
            "2d523d12-9d0a-4e7f-abb9-5b045cf4ad3d"
          ],
          "pending": [],
          "skipped": [],
          "duration": 9933,
          "root": false,
          "rootEmpty": false,
          "_timeout": 2000
        },
        {
          "uuid": "8d3ed6aa-b181-4900-b98d-a8de0b459b3c",
          "title": "9 - Crie um botão que, ao ser clicado, limpa o quadro preenchendo a cor de todos seus pixels com branco.",
          "fullFile": "",
          "file": "",
          "beforeHooks": [],
          "afterHooks": [],
          "tests": [
            {
              "title": "Verifica se o botão tem o `id` denominado `clear-board`",
              "fullTitle": "9 - Crie um botão que, ao ser clicado, limpa o quadro preenchendo a cor de todos seus pixels com branco. Verifica se o botão tem o `id` denominado `clear-board`",
              "timedOut": null,
              "duration": 4244,
              "state": "failed",
              "speed": null,
              "pass": false,
              "fail": true,
              "pending": false,
              "context": null,
              "code": "cy.get('#clear-board').should('be.visible');",
              "err": {
                "message": "CypressError: Timed out retrying: Expected to find element: '#clear-board', but never found it.",
                "estack": "CypressError: Timed out retrying: Expected to find element: '#clear-board', but never found it.\n    at cypressErr (http://localhost:34961/__cypress/runner/cypress_runner.js:149934:9)\n    at throwErr (http://localhost:34961/__cypress/runner/cypress_runner.js:149867:11)\n    at Object.throwErrByPath (http://localhost:34961/__cypress/runner/cypress_runner.js:149915:3)\n    at retry (http://localhost:34961/__cypress/runner/cypress_runner.js:144197:19)\n    at onFailFn (http://localhost:34961/__cypress/runner/cypress_runner.js:132448:16)\n    at tryCatcher (http://localhost:34961/__cypress/runner/cypress_runner.js:167415:23)\n    at Promise._settlePromiseFromHandler (http://localhost:34961/__cypress/runner/cypress_runner.js:165351:31)\n    at Promise._settlePromise (http://localhost:34961/__cypress/runner/cypress_runner.js:165408:18)\n    at Promise._settlePromise0 (http://localhost:34961/__cypress/runner/cypress_runner.js:165453:10)\n    at Promise._settlePromises (http://localhost:34961/__cypress/runner/cypress_runner.js:165528:18)\n    at Async../node_modules/bluebird/js/release/async.js.Async._drainQueue (http://localhost:34961/__cypress/runner/cypress_runner.js:162140:16)\n    at Async../node_modules/bluebird/js/release/async.js.Async._drainQueues (http://localhost:34961/__cypress/runner/cypress_runner.js:162150:10)\n    at Async.drainQueues (http://localhost:34961/__cypress/runner/cypress_runner.js:162024:14)",
                "diff": null
              },
              "uuid": "69a86f4f-daf5-4933-bd76-34a2854ca8de",
              "parentUUID": "8d3ed6aa-b181-4900-b98d-a8de0b459b3c",
              "isHook": false,
              "skipped": false
            },
            {
              "title": "Verifica se o botão está posicionado entre a paleta de cores e o quadro de pixels",
              "fullTitle": "9 - Crie um botão que, ao ser clicado, limpa o quadro preenchendo a cor de todos seus pixels com branco. Verifica se o botão está posicionado entre a paleta de cores e o quadro de pixels",
              "timedOut": null,
              "duration": 4242,
              "state": "failed",
              "speed": null,
              "pass": false,
              "fail": true,
              "pending": false,
              "context": null,
              "code": "cy.get('#color-palette').then(function (palette) {\n  cy.get('#clear-board').should('be.belowOf', palette);\n});\ncy.get('#clear-board').then(function (clearBtn) {\n  cy.get('#pixel-board').should('be.belowOf', clearBtn);\n});",
              "err": {
                "message": "CypressError: Timed out retrying: Expected to find element: '#clear-board', but never found it.",
                "estack": "CypressError: Timed out retrying: Expected to find element: '#clear-board', but never found it.\n    at cypressErr (http://localhost:34961/__cypress/runner/cypress_runner.js:149934:9)\n    at throwErr (http://localhost:34961/__cypress/runner/cypress_runner.js:149867:11)\n    at Object.throwErrByPath (http://localhost:34961/__cypress/runner/cypress_runner.js:149915:3)\n    at retry (http://localhost:34961/__cypress/runner/cypress_runner.js:144197:19)\n    at onFailFn (http://localhost:34961/__cypress/runner/cypress_runner.js:132448:16)\n    at tryCatcher (http://localhost:34961/__cypress/runner/cypress_runner.js:167415:23)\n    at Promise._settlePromiseFromHandler (http://localhost:34961/__cypress/runner/cypress_runner.js:165351:31)\n    at Promise._settlePromise (http://localhost:34961/__cypress/runner/cypress_runner.js:165408:18)\n    at Promise._settlePromise0 (http://localhost:34961/__cypress/runner/cypress_runner.js:165453:10)\n    at Promise._settlePromises (http://localhost:34961/__cypress/runner/cypress_runner.js:165528:18)\n    at Async../node_modules/bluebird/js/release/async.js.Async._drainQueue (http://localhost:34961/__cypress/runner/cypress_runner.js:162140:16)\n    at Async../node_modules/bluebird/js/release/async.js.Async._drainQueues (http://localhost:34961/__cypress/runner/cypress_runner.js:162150:10)\n    at Async.drainQueues (http://localhost:34961/__cypress/runner/cypress_runner.js:162024:14)",
                "diff": null
              },
              "uuid": "839ea199-c2fc-4f5d-b8e8-5466cc204aff",
              "parentUUID": "8d3ed6aa-b181-4900-b98d-a8de0b459b3c",
              "isHook": false,
              "skipped": false
            },
            {
              "title": "Verifica se o texto do botão é 'Limpar'",
              "fullTitle": "9 - Crie um botão que, ao ser clicado, limpa o quadro preenchendo a cor de todos seus pixels com branco. Verifica se o texto do botão é 'Limpar'",
              "timedOut": null,
              "duration": 4276,
              "state": "failed",
              "speed": null,
              "pass": false,
              "fail": true,
              "pending": false,
              "context": null,
              "code": "cy.get('#clear-board').should('contain.text', 'Limpar');",
              "err": {
                "message": "CypressError: Timed out retrying: Expected to find element: '#clear-board', but never found it.",
                "estack": "CypressError: Timed out retrying: Expected to find element: '#clear-board', but never found it.\n    at cypressErr (http://localhost:34961/__cypress/runner/cypress_runner.js:149934:9)\n    at throwErr (http://localhost:34961/__cypress/runner/cypress_runner.js:149867:11)\n    at Object.throwErrByPath (http://localhost:34961/__cypress/runner/cypress_runner.js:149915:3)\n    at retry (http://localhost:34961/__cypress/runner/cypress_runner.js:144197:19)\n    at onFailFn (http://localhost:34961/__cypress/runner/cypress_runner.js:132448:16)\n    at tryCatcher (http://localhost:34961/__cypress/runner/cypress_runner.js:167415:23)\n    at Promise._settlePromiseFromHandler (http://localhost:34961/__cypress/runner/cypress_runner.js:165351:31)\n    at Promise._settlePromise (http://localhost:34961/__cypress/runner/cypress_runner.js:165408:18)\n    at Promise._settlePromise0 (http://localhost:34961/__cypress/runner/cypress_runner.js:165453:10)\n    at Promise._settlePromises (http://localhost:34961/__cypress/runner/cypress_runner.js:165528:18)\n    at Async../node_modules/bluebird/js/release/async.js.Async._drainQueue (http://localhost:34961/__cypress/runner/cypress_runner.js:162140:16)\n    at Async../node_modules/bluebird/js/release/async.js.Async._drainQueues (http://localhost:34961/__cypress/runner/cypress_runner.js:162150:10)\n    at Async.drainQueues (http://localhost:34961/__cypress/runner/cypress_runner.js:162024:14)",
                "diff": null
              },
              "uuid": "71e3a787-9362-4950-a33e-0d4cb2c8ae27",
              "parentUUID": "8d3ed6aa-b181-4900-b98d-a8de0b459b3c",
              "isHook": false,
              "skipped": false
            },
            {
              "title": "Verifica se ao clicar no botão, o quadro de pixels é totalmente preenchido de branco",
              "fullTitle": "9 - Crie um botão que, ao ser clicado, limpa o quadro preenchendo a cor de todos seus pixels com branco. Verifica se ao clicar no botão, o quadro de pixels é totalmente preenchido de branco",
              "timedOut": null,
              "duration": 4350,
              "state": "failed",
              "speed": null,
              "pass": false,
              "fail": true,
              "pending": false,
              "context": null,
              "code": "cy.get('.color').eq(1).then(function (color) {\n  var backgroundColor = color.css('background-color');\n  cy.wrap(color).click();\n  cy.get('.pixel').each(function (pixel) {\n    cy.wrap(pixel).click().should('have.css', 'background-color', backgroundColor);\n  });\n});\ncy.get('#clear-board').click();\ncy.get('.pixel').each(function (pixel) {\n  cy.wrap(pixel).should('have.css', 'background-color', WHITE);\n});",
              "err": {
                "message": "CypressError: Timed out retrying: expected '<div.pixel>' to have CSS property 'background-color' with the value 'rgb(0, 0, 255)', but the value was 'rgb(255, 255, 255)'",
                "estack": "CypressError: Timed out retrying: expected '<div.pixel>' to have CSS property 'background-color' with the value 'rgb(0, 0, 255)', but the value was 'rgb(255, 255, 255)'\n    at cypressErr (http://localhost:34961/__cypress/runner/cypress_runner.js:149934:9)\n    at throwErr (http://localhost:34961/__cypress/runner/cypress_runner.js:149867:11)\n    at Object.throwErrByPath (http://localhost:34961/__cypress/runner/cypress_runner.js:149915:3)\n    at retry (http://localhost:34961/__cypress/runner/cypress_runner.js:144197:19)\n    at onFailFn (http://localhost:34961/__cypress/runner/cypress_runner.js:132448:16)\n    at tryCatcher (http://localhost:34961/__cypress/runner/cypress_runner.js:167415:23)\n    at Promise._settlePromiseFromHandler (http://localhost:34961/__cypress/runner/cypress_runner.js:165351:31)\n    at Promise._settlePromise (http://localhost:34961/__cypress/runner/cypress_runner.js:165408:18)\n    at Promise._settlePromise0 (http://localhost:34961/__cypress/runner/cypress_runner.js:165453:10)\n    at Promise._settlePromises (http://localhost:34961/__cypress/runner/cypress_runner.js:165528:18)\n    at Async../node_modules/bluebird/js/release/async.js.Async._drainQueue (http://localhost:34961/__cypress/runner/cypress_runner.js:162140:16)\n    at Async../node_modules/bluebird/js/release/async.js.Async._drainQueues (http://localhost:34961/__cypress/runner/cypress_runner.js:162150:10)\n    at Async.drainQueues (http://localhost:34961/__cypress/runner/cypress_runner.js:162024:14)",
                "diff": null
              },
              "uuid": "3f692b90-abff-4cfe-9cb9-3a05f2c21828",
              "parentUUID": "8d3ed6aa-b181-4900-b98d-a8de0b459b3c",
              "isHook": false,
              "skipped": false
            }
          ],
          "suites": [],
          "passes": [],
          "failures": [
            "69a86f4f-daf5-4933-bd76-34a2854ca8de",
            "839ea199-c2fc-4f5d-b8e8-5466cc204aff",
            "71e3a787-9362-4950-a33e-0d4cb2c8ae27",
            "3f692b90-abff-4cfe-9cb9-3a05f2c21828"
          ],
          "pending": [],
          "skipped": [],
          "duration": 17112,
          "root": false,
          "rootEmpty": false,
          "_timeout": 2000
        },
        {
          "uuid": "bbb7ee65-6a64-424e-996a-25eb14a68341",
          "title": "10 - Faça o quadro de pixels ter seu tamanho definido pelo usuário.",
          "fullFile": "",
          "file": "",
          "beforeHooks": [],
          "afterHooks": [],
          "tests": [
            {
              "title": "Verifica se existe um input com o id `board-size`",
              "fullTitle": "10 - Faça o quadro de pixels ter seu tamanho definido pelo usuário. Verifica se existe um input com o id `board-size`",
              "timedOut": null,
              "duration": 4273,
              "state": "failed",
              "speed": null,
              "pass": false,
              "fail": true,
              "pending": false,
              "context": null,
              "code": "cy.get('#board-size').should('be.visible');",
              "err": {
                "message": "CypressError: Timed out retrying: Expected to find element: '#board-size', but never found it.",
                "estack": "CypressError: Timed out retrying: Expected to find element: '#board-size', but never found it.\n    at cypressErr (http://localhost:34961/__cypress/runner/cypress_runner.js:149934:9)\n    at throwErr (http://localhost:34961/__cypress/runner/cypress_runner.js:149867:11)\n    at Object.throwErrByPath (http://localhost:34961/__cypress/runner/cypress_runner.js:149915:3)\n    at retry (http://localhost:34961/__cypress/runner/cypress_runner.js:144197:19)\n    at onFailFn (http://localhost:34961/__cypress/runner/cypress_runner.js:132448:16)\n    at tryCatcher (http://localhost:34961/__cypress/runner/cypress_runner.js:167415:23)\n    at Promise._settlePromiseFromHandler (http://localhost:34961/__cypress/runner/cypress_runner.js:165351:31)\n    at Promise._settlePromise (http://localhost:34961/__cypress/runner/cypress_runner.js:165408:18)\n    at Promise._settlePromise0 (http://localhost:34961/__cypress/runner/cypress_runner.js:165453:10)\n    at Promise._settlePromises (http://localhost:34961/__cypress/runner/cypress_runner.js:165528:18)\n    at Async../node_modules/bluebird/js/release/async.js.Async._drainQueue (http://localhost:34961/__cypress/runner/cypress_runner.js:162140:16)\n    at Async../node_modules/bluebird/js/release/async.js.Async._drainQueues (http://localhost:34961/__cypress/runner/cypress_runner.js:162150:10)\n    at Async.drainQueues (http://localhost:34961/__cypress/runner/cypress_runner.js:162024:14)",
                "diff": null
              },
              "uuid": "87011f35-063a-4e3c-bfe1-1624ae1b83bc",
              "parentUUID": "bbb7ee65-6a64-424e-996a-25eb14a68341",
              "isHook": false,
              "skipped": false
            },
            {
              "title": "Verifica se existe um botão com o id `generate-board`",
              "fullTitle": "10 - Faça o quadro de pixels ter seu tamanho definido pelo usuário. Verifica se existe um botão com o id `generate-board`",
              "timedOut": null,
              "duration": 4266,
              "state": "failed",
              "speed": null,
              "pass": false,
              "fail": true,
              "pending": false,
              "context": null,
              "code": "cy.get('#generate-board').should('be.visible');",
              "err": {
                "message": "CypressError: Timed out retrying: Expected to find element: '#generate-board', but never found it.",
                "estack": "CypressError: Timed out retrying: Expected to find element: '#generate-board', but never found it.\n    at cypressErr (http://localhost:34961/__cypress/runner/cypress_runner.js:149934:9)\n    at throwErr (http://localhost:34961/__cypress/runner/cypress_runner.js:149867:11)\n    at Object.throwErrByPath (http://localhost:34961/__cypress/runner/cypress_runner.js:149915:3)\n    at retry (http://localhost:34961/__cypress/runner/cypress_runner.js:144197:19)\n    at onFailFn (http://localhost:34961/__cypress/runner/cypress_runner.js:132448:16)\n    at tryCatcher (http://localhost:34961/__cypress/runner/cypress_runner.js:167415:23)\n    at Promise._settlePromiseFromHandler (http://localhost:34961/__cypress/runner/cypress_runner.js:165351:31)\n    at Promise._settlePromise (http://localhost:34961/__cypress/runner/cypress_runner.js:165408:18)\n    at Promise._settlePromise0 (http://localhost:34961/__cypress/runner/cypress_runner.js:165453:10)\n    at Promise._settlePromises (http://localhost:34961/__cypress/runner/cypress_runner.js:165528:18)\n    at Async../node_modules/bluebird/js/release/async.js.Async._drainQueue (http://localhost:34961/__cypress/runner/cypress_runner.js:162140:16)\n    at Async../node_modules/bluebird/js/release/async.js.Async._drainQueues (http://localhost:34961/__cypress/runner/cypress_runner.js:162150:10)\n    at Async.drainQueues (http://localhost:34961/__cypress/runner/cypress_runner.js:162024:14)",
                "diff": null
              },
              "uuid": "f23e1b0d-b9b9-4a6a-9949-821a510db9af",
              "parentUUID": "bbb7ee65-6a64-424e-996a-25eb14a68341",
              "isHook": false,
              "skipped": false
            },
            {
              "title": "Verifica se o input só aceita número maiores que zero. Essa restrição deve ser feita usando os atributos do elemento `input`",
              "fullTitle": "10 - Faça o quadro de pixels ter seu tamanho definido pelo usuário. Verifica se o input só aceita número maiores que zero. Essa restrição deve ser feita usando os atributos do elemento `input`",
              "timedOut": null,
              "duration": 4218,
              "state": "failed",
              "speed": null,
              "pass": false,
              "fail": true,
              "pending": false,
              "context": null,
              "code": "cy.get('#board-size[type=\\'number\\'][min=\\'1\\']');",
              "err": {
                "message": "CypressError: Timed out retrying: Expected to find element: '#board-size[type='number'][min='1']', but never found it.",
                "estack": "CypressError: Timed out retrying: Expected to find element: '#board-size[type='number'][min='1']', but never found it.\n    at cypressErr (http://localhost:34961/__cypress/runner/cypress_runner.js:149934:9)\n    at throwErr (http://localhost:34961/__cypress/runner/cypress_runner.js:149867:11)\n    at Object.throwErrByPath (http://localhost:34961/__cypress/runner/cypress_runner.js:149915:3)\n    at retry (http://localhost:34961/__cypress/runner/cypress_runner.js:144197:19)\n    at onFailFn (http://localhost:34961/__cypress/runner/cypress_runner.js:132448:16)\n    at tryCatcher (http://localhost:34961/__cypress/runner/cypress_runner.js:167415:23)\n    at Promise._settlePromiseFromHandler (http://localhost:34961/__cypress/runner/cypress_runner.js:165351:31)\n    at Promise._settlePromise (http://localhost:34961/__cypress/runner/cypress_runner.js:165408:18)\n    at Promise._settlePromise0 (http://localhost:34961/__cypress/runner/cypress_runner.js:165453:10)\n    at Promise._settlePromises (http://localhost:34961/__cypress/runner/cypress_runner.js:165528:18)\n    at Async../node_modules/bluebird/js/release/async.js.Async._drainQueue (http://localhost:34961/__cypress/runner/cypress_runner.js:162140:16)\n    at Async../node_modules/bluebird/js/release/async.js.Async._drainQueues (http://localhost:34961/__cypress/runner/cypress_runner.js:162150:10)\n    at Async.drainQueues (http://localhost:34961/__cypress/runner/cypress_runner.js:162024:14)",
                "diff": null
              },
              "uuid": "c7ebd2c9-28b7-48b0-b7b7-e01679ee8446",
              "parentUUID": "bbb7ee65-6a64-424e-996a-25eb14a68341",
              "isHook": false,
              "skipped": false
            },
            {
              "title": "Verifica se o botão contém o texto 'VQV'",
              "fullTitle": "10 - Faça o quadro de pixels ter seu tamanho definido pelo usuário. Verifica se o botão contém o texto 'VQV'",
              "timedOut": null,
              "duration": 4328,
              "state": "failed",
              "speed": null,
              "pass": false,
              "fail": true,
              "pending": false,
              "context": null,
              "code": "cy.get('#generate-board').contains(/vqv/i);",
              "err": {
                "message": "CypressError: Timed out retrying: Expected to find element: '#generate-board', but never found it.",
                "estack": "CypressError: Timed out retrying: Expected to find element: '#generate-board', but never found it.\n    at cypressErr (http://localhost:34961/__cypress/runner/cypress_runner.js:149934:9)\n    at throwErr (http://localhost:34961/__cypress/runner/cypress_runner.js:149867:11)\n    at Object.throwErrByPath (http://localhost:34961/__cypress/runner/cypress_runner.js:149915:3)\n    at retry (http://localhost:34961/__cypress/runner/cypress_runner.js:144197:19)\n    at onFailFn (http://localhost:34961/__cypress/runner/cypress_runner.js:132448:16)\n    at tryCatcher (http://localhost:34961/__cypress/runner/cypress_runner.js:167415:23)\n    at Promise._settlePromiseFromHandler (http://localhost:34961/__cypress/runner/cypress_runner.js:165351:31)\n    at Promise._settlePromise (http://localhost:34961/__cypress/runner/cypress_runner.js:165408:18)\n    at Promise._settlePromise0 (http://localhost:34961/__cypress/runner/cypress_runner.js:165453:10)\n    at Promise._settlePromises (http://localhost:34961/__cypress/runner/cypress_runner.js:165528:18)\n    at Async../node_modules/bluebird/js/release/async.js.Async._drainQueue (http://localhost:34961/__cypress/runner/cypress_runner.js:162140:16)\n    at Async../node_modules/bluebird/js/release/async.js.Async._drainQueues (http://localhost:34961/__cypress/runner/cypress_runner.js:162150:10)\n    at Async.drainQueues (http://localhost:34961/__cypress/runner/cypress_runner.js:162024:14)",
                "diff": null
              },
              "uuid": "d6a899ae-3f26-4057-8aa2-ee6e40edd4eb",
              "parentUUID": "bbb7ee65-6a64-424e-996a-25eb14a68341",
              "isHook": false,
              "skipped": false
            },
            {
              "title": "Verifica se o input está posicionado entre a paleta de cores e o quadro de pixels",
              "fullTitle": "10 - Faça o quadro de pixels ter seu tamanho definido pelo usuário. Verifica se o input está posicionado entre a paleta de cores e o quadro de pixels",
              "timedOut": null,
              "duration": 4262,
              "state": "failed",
              "speed": null,
              "pass": false,
              "fail": true,
              "pending": false,
              "context": null,
              "code": "cy.get('#color-palette').then(function (palette) {\n  cy.get('#board-size').should('be.belowOf', palette);\n});\ncy.get('#board-size').then(function (palette) {\n  cy.get('#pixel-board').should('be.belowOf', palette);\n});",
              "err": {
                "message": "CypressError: Timed out retrying: Expected to find element: '#board-size', but never found it.",
                "estack": "CypressError: Timed out retrying: Expected to find element: '#board-size', but never found it.\n    at cypressErr (http://localhost:34961/__cypress/runner/cypress_runner.js:149934:9)\n    at throwErr (http://localhost:34961/__cypress/runner/cypress_runner.js:149867:11)\n    at Object.throwErrByPath (http://localhost:34961/__cypress/runner/cypress_runner.js:149915:3)\n    at retry (http://localhost:34961/__cypress/runner/cypress_runner.js:144197:19)\n    at onFailFn (http://localhost:34961/__cypress/runner/cypress_runner.js:132448:16)\n    at tryCatcher (http://localhost:34961/__cypress/runner/cypress_runner.js:167415:23)\n    at Promise._settlePromiseFromHandler (http://localhost:34961/__cypress/runner/cypress_runner.js:165351:31)\n    at Promise._settlePromise (http://localhost:34961/__cypress/runner/cypress_runner.js:165408:18)\n    at Promise._settlePromise0 (http://localhost:34961/__cypress/runner/cypress_runner.js:165453:10)\n    at Promise._settlePromises (http://localhost:34961/__cypress/runner/cypress_runner.js:165528:18)\n    at Async../node_modules/bluebird/js/release/async.js.Async._drainQueue (http://localhost:34961/__cypress/runner/cypress_runner.js:162140:16)\n    at Async../node_modules/bluebird/js/release/async.js.Async._drainQueues (http://localhost:34961/__cypress/runner/cypress_runner.js:162150:10)\n    at Async.drainQueues (http://localhost:34961/__cypress/runner/cypress_runner.js:162024:14)",
                "diff": null
              },
              "uuid": "14dd910f-4d8f-4092-b9d2-8bfe63e3e278",
              "parentUUID": "bbb7ee65-6a64-424e-996a-25eb14a68341",
              "isHook": false,
              "skipped": false
            },
            {
              "title": "Verifica se o botão está posicionado ao lado do input",
              "fullTitle": "10 - Faça o quadro de pixels ter seu tamanho definido pelo usuário. Verifica se o botão está posicionado ao lado do input",
              "timedOut": null,
              "duration": 4255,
              "state": "failed",
              "speed": null,
              "pass": false,
              "fail": true,
              "pending": false,
              "context": null,
              "code": "cy.get('#board-size').then(function (board) {\n  cy.get('#generate-board').should('be.onTheRightOf', board);\n});",
              "err": {
                "message": "CypressError: Timed out retrying: Expected to find element: '#board-size', but never found it.",
                "estack": "CypressError: Timed out retrying: Expected to find element: '#board-size', but never found it.\n    at cypressErr (http://localhost:34961/__cypress/runner/cypress_runner.js:149934:9)\n    at throwErr (http://localhost:34961/__cypress/runner/cypress_runner.js:149867:11)\n    at Object.throwErrByPath (http://localhost:34961/__cypress/runner/cypress_runner.js:149915:3)\n    at retry (http://localhost:34961/__cypress/runner/cypress_runner.js:144197:19)\n    at onFailFn (http://localhost:34961/__cypress/runner/cypress_runner.js:132448:16)\n    at tryCatcher (http://localhost:34961/__cypress/runner/cypress_runner.js:167415:23)\n    at Promise._settlePromiseFromHandler (http://localhost:34961/__cypress/runner/cypress_runner.js:165351:31)\n    at Promise._settlePromise (http://localhost:34961/__cypress/runner/cypress_runner.js:165408:18)\n    at Promise._settlePromise0 (http://localhost:34961/__cypress/runner/cypress_runner.js:165453:10)\n    at Promise._settlePromises (http://localhost:34961/__cypress/runner/cypress_runner.js:165528:18)\n    at Async../node_modules/bluebird/js/release/async.js.Async._drainQueue (http://localhost:34961/__cypress/runner/cypress_runner.js:162140:16)\n    at Async../node_modules/bluebird/js/release/async.js.Async._drainQueues (http://localhost:34961/__cypress/runner/cypress_runner.js:162150:10)\n    at Async.drainQueues (http://localhost:34961/__cypress/runner/cypress_runner.js:162024:14)",
                "diff": null
              },
              "uuid": "476b33f1-33bf-4e42-bca4-0268e672a8ca",
              "parentUUID": "bbb7ee65-6a64-424e-996a-25eb14a68341",
              "isHook": false,
              "skipped": false
            },
            {
              "title": "Verifica se nenhum valor for colocado no input ao clicar no botão, um `alert` é exibido com o texto: 'Board inválido!'",
              "fullTitle": "10 - Faça o quadro de pixels ter seu tamanho definido pelo usuário. Verifica se nenhum valor for colocado no input ao clicar no botão, um `alert` é exibido com o texto: 'Board inválido!'",
              "timedOut": null,
              "duration": 4238,
              "state": "failed",
              "speed": null,
              "pass": false,
              "fail": true,
              "pending": false,
              "context": null,
              "code": "var alerted = false;\ncy.on('window:alert', function (msg) {\n  return alerted = msg;\n});\ncy.get('#generate-board').click().then(function () {\n  return expect(alerted).to.match(/Board inválido!/i);\n});",
              "err": {
                "message": "CypressError: Timed out retrying: Expected to find element: '#generate-board', but never found it.",
                "estack": "CypressError: Timed out retrying: Expected to find element: '#generate-board', but never found it.\n    at cypressErr (http://localhost:34961/__cypress/runner/cypress_runner.js:149934:9)\n    at throwErr (http://localhost:34961/__cypress/runner/cypress_runner.js:149867:11)\n    at Object.throwErrByPath (http://localhost:34961/__cypress/runner/cypress_runner.js:149915:3)\n    at retry (http://localhost:34961/__cypress/runner/cypress_runner.js:144197:19)\n    at onFailFn (http://localhost:34961/__cypress/runner/cypress_runner.js:132448:16)\n    at tryCatcher (http://localhost:34961/__cypress/runner/cypress_runner.js:167415:23)\n    at Promise._settlePromiseFromHandler (http://localhost:34961/__cypress/runner/cypress_runner.js:165351:31)\n    at Promise._settlePromise (http://localhost:34961/__cypress/runner/cypress_runner.js:165408:18)\n    at Promise._settlePromise0 (http://localhost:34961/__cypress/runner/cypress_runner.js:165453:10)\n    at Promise._settlePromises (http://localhost:34961/__cypress/runner/cypress_runner.js:165528:18)\n    at Async../node_modules/bluebird/js/release/async.js.Async._drainQueue (http://localhost:34961/__cypress/runner/cypress_runner.js:162140:16)\n    at Async../node_modules/bluebird/js/release/async.js.Async._drainQueues (http://localhost:34961/__cypress/runner/cypress_runner.js:162150:10)\n    at Async.drainQueues (http://localhost:34961/__cypress/runner/cypress_runner.js:162024:14)",
                "diff": null
              },
              "uuid": "c86b07f7-cf87-43ef-bed8-8b868d5f1c65",
              "parentUUID": "bbb7ee65-6a64-424e-996a-25eb14a68341",
              "isHook": false,
              "skipped": false
            },
            {
              "title": "Verifica se ao clicar no botão com um valor preenchido, o tamanho do board muda.",
              "fullTitle": "10 - Faça o quadro de pixels ter seu tamanho definido pelo usuário. Verifica se ao clicar no botão com um valor preenchido, o tamanho do board muda.",
              "timedOut": null,
              "duration": 4296,
              "state": "failed",
              "speed": null,
              "pass": false,
              "fail": true,
              "pending": false,
              "context": null,
              "code": "cy.get('#board-size').clear().type(10);\ncy.get('#generate-board').click();\ncy.get('.pixel').should('have.length', 100);",
              "err": {
                "message": "CypressError: Timed out retrying: Expected to find element: '#board-size', but never found it.",
                "estack": "CypressError: Timed out retrying: Expected to find element: '#board-size', but never found it.\n    at cypressErr (http://localhost:34961/__cypress/runner/cypress_runner.js:149934:9)\n    at throwErr (http://localhost:34961/__cypress/runner/cypress_runner.js:149867:11)\n    at Object.throwErrByPath (http://localhost:34961/__cypress/runner/cypress_runner.js:149915:3)\n    at retry (http://localhost:34961/__cypress/runner/cypress_runner.js:144197:19)\n    at onFailFn (http://localhost:34961/__cypress/runner/cypress_runner.js:132448:16)\n    at tryCatcher (http://localhost:34961/__cypress/runner/cypress_runner.js:167415:23)\n    at Promise._settlePromiseFromHandler (http://localhost:34961/__cypress/runner/cypress_runner.js:165351:31)\n    at Promise._settlePromise (http://localhost:34961/__cypress/runner/cypress_runner.js:165408:18)\n    at Promise._settlePromise0 (http://localhost:34961/__cypress/runner/cypress_runner.js:165453:10)\n    at Promise._settlePromises (http://localhost:34961/__cypress/runner/cypress_runner.js:165528:18)\n    at Async../node_modules/bluebird/js/release/async.js.Async._drainQueue (http://localhost:34961/__cypress/runner/cypress_runner.js:162140:16)\n    at Async../node_modules/bluebird/js/release/async.js.Async._drainQueues (http://localhost:34961/__cypress/runner/cypress_runner.js:162150:10)\n    at Async.drainQueues (http://localhost:34961/__cypress/runner/cypress_runner.js:162024:14)",
                "diff": null
              },
              "uuid": "bccb0b26-4d71-4f18-9038-6c44107e18c4",
              "parentUUID": "bbb7ee65-6a64-424e-996a-25eb14a68341",
              "isHook": false,
              "skipped": false
            },
            {
              "title": "Verifica se o novo quadro tem todos os pixels preenchidos com a cor branca",
              "fullTitle": "10 - Faça o quadro de pixels ter seu tamanho definido pelo usuário. Verifica se o novo quadro tem todos os pixels preenchidos com a cor branca",
              "timedOut": null,
              "duration": 4222,
              "state": "failed",
              "speed": null,
              "pass": false,
              "fail": true,
              "pending": false,
              "context": null,
              "code": "cy.get('#board-size').clear().type(6);\ncy.get('#generate-board').click();\ncy.get('.pixel').should('have.length', 36).each(function (pixel) {\n  expect(pixel).to.have.css('background-color', WHITE);\n});",
              "err": {
                "message": "CypressError: Timed out retrying: Expected to find element: '#board-size', but never found it.",
                "estack": "CypressError: Timed out retrying: Expected to find element: '#board-size', but never found it.\n    at cypressErr (http://localhost:34961/__cypress/runner/cypress_runner.js:149934:9)\n    at throwErr (http://localhost:34961/__cypress/runner/cypress_runner.js:149867:11)\n    at Object.throwErrByPath (http://localhost:34961/__cypress/runner/cypress_runner.js:149915:3)\n    at retry (http://localhost:34961/__cypress/runner/cypress_runner.js:144197:19)\n    at onFailFn (http://localhost:34961/__cypress/runner/cypress_runner.js:132448:16)\n    at tryCatcher (http://localhost:34961/__cypress/runner/cypress_runner.js:167415:23)\n    at Promise._settlePromiseFromHandler (http://localhost:34961/__cypress/runner/cypress_runner.js:165351:31)\n    at Promise._settlePromise (http://localhost:34961/__cypress/runner/cypress_runner.js:165408:18)\n    at Promise._settlePromise0 (http://localhost:34961/__cypress/runner/cypress_runner.js:165453:10)\n    at Promise._settlePromises (http://localhost:34961/__cypress/runner/cypress_runner.js:165528:18)\n    at Async../node_modules/bluebird/js/release/async.js.Async._drainQueue (http://localhost:34961/__cypress/runner/cypress_runner.js:162140:16)\n    at Async../node_modules/bluebird/js/release/async.js.Async._drainQueues (http://localhost:34961/__cypress/runner/cypress_runner.js:162150:10)\n    at Async.drainQueues (http://localhost:34961/__cypress/runner/cypress_runner.js:162024:14)",
                "diff": null
              },
              "uuid": "f741d0cf-6234-44db-8d17-44b086e8ed09",
              "parentUUID": "bbb7ee65-6a64-424e-996a-25eb14a68341",
              "isHook": false,
              "skipped": false
            }
          ],
          "suites": [],
          "passes": [],
          "failures": [
            "87011f35-063a-4e3c-bfe1-1624ae1b83bc",
            "f23e1b0d-b9b9-4a6a-9949-821a510db9af",
            "c7ebd2c9-28b7-48b0-b7b7-e01679ee8446",
            "d6a899ae-3f26-4057-8aa2-ee6e40edd4eb",
            "14dd910f-4d8f-4092-b9d2-8bfe63e3e278",
            "476b33f1-33bf-4e42-bca4-0268e672a8ca",
            "c86b07f7-cf87-43ef-bed8-8b868d5f1c65",
            "bccb0b26-4d71-4f18-9038-6c44107e18c4",
            "f741d0cf-6234-44db-8d17-44b086e8ed09"
          ],
          "pending": [],
          "skipped": [],
          "duration": 38358,
          "root": false,
          "rootEmpty": false,
          "_timeout": 2000
        },
        {
          "uuid": "ec380d61-e6dc-435d-bc8b-854f1a7a2673",
          "title": "11 - Limite o tamanho mínimo e máximo do board.",
          "fullFile": "",
          "file": "",
          "beforeHooks": [],
          "afterHooks": [],
          "tests": [
            {
              "title": "Verifica se a altura máxima do board é 50",
              "fullTitle": "11 - Limite o tamanho mínimo e máximo do board. Verifica se a altura máxima do board é 50",
              "timedOut": null,
              "duration": 4318,
              "state": "failed",
              "speed": null,
              "pass": false,
              "fail": true,
              "pending": false,
              "context": null,
              "code": "cy.get('#board-size').clear().type(50);\ncy.get('#generate-board').click();\ncy.get('.pixel').should('have.length', 2500);",
              "err": {
                "message": "CypressError: Timed out retrying: Expected to find element: '#board-size', but never found it.",
                "estack": "CypressError: Timed out retrying: Expected to find element: '#board-size', but never found it.\n    at cypressErr (http://localhost:34961/__cypress/runner/cypress_runner.js:149934:9)\n    at throwErr (http://localhost:34961/__cypress/runner/cypress_runner.js:149867:11)\n    at Object.throwErrByPath (http://localhost:34961/__cypress/runner/cypress_runner.js:149915:3)\n    at retry (http://localhost:34961/__cypress/runner/cypress_runner.js:144197:19)\n    at onFailFn (http://localhost:34961/__cypress/runner/cypress_runner.js:132448:16)\n    at tryCatcher (http://localhost:34961/__cypress/runner/cypress_runner.js:167415:23)\n    at Promise._settlePromiseFromHandler (http://localhost:34961/__cypress/runner/cypress_runner.js:165351:31)\n    at Promise._settlePromise (http://localhost:34961/__cypress/runner/cypress_runner.js:165408:18)\n    at Promise._settlePromise0 (http://localhost:34961/__cypress/runner/cypress_runner.js:165453:10)\n    at Promise._settlePromises (http://localhost:34961/__cypress/runner/cypress_runner.js:165528:18)\n    at Async../node_modules/bluebird/js/release/async.js.Async._drainQueue (http://localhost:34961/__cypress/runner/cypress_runner.js:162140:16)\n    at Async../node_modules/bluebird/js/release/async.js.Async._drainQueues (http://localhost:34961/__cypress/runner/cypress_runner.js:162150:10)\n    at Async.drainQueues (http://localhost:34961/__cypress/runner/cypress_runner.js:162024:14)",
                "diff": null
              },
              "uuid": "a2879d83-d9df-4a2c-ba55-e43649699839",
              "parentUUID": "ec380d61-e6dc-435d-bc8b-854f1a7a2673",
              "isHook": false,
              "skipped": false
            },
            {
              "title": "Verifica se a altura do board é 5 quando um valor menor é colocado no input",
              "fullTitle": "11 - Limite o tamanho mínimo e máximo do board. Verifica se a altura do board é 5 quando um valor menor é colocado no input",
              "timedOut": null,
              "duration": 4286,
              "state": "failed",
              "speed": null,
              "pass": false,
              "fail": true,
              "pending": false,
              "context": null,
              "code": "cy.get('#board-size').clear().type(4);\ncy.get('#generate-board').click();\ncy.get('.pixel').should('have.length', 25);",
              "err": {
                "message": "CypressError: Timed out retrying: Expected to find element: '#board-size', but never found it.",
                "estack": "CypressError: Timed out retrying: Expected to find element: '#board-size', but never found it.\n    at cypressErr (http://localhost:34961/__cypress/runner/cypress_runner.js:149934:9)\n    at throwErr (http://localhost:34961/__cypress/runner/cypress_runner.js:149867:11)\n    at Object.throwErrByPath (http://localhost:34961/__cypress/runner/cypress_runner.js:149915:3)\n    at retry (http://localhost:34961/__cypress/runner/cypress_runner.js:144197:19)\n    at onFailFn (http://localhost:34961/__cypress/runner/cypress_runner.js:132448:16)\n    at tryCatcher (http://localhost:34961/__cypress/runner/cypress_runner.js:167415:23)\n    at Promise._settlePromiseFromHandler (http://localhost:34961/__cypress/runner/cypress_runner.js:165351:31)\n    at Promise._settlePromise (http://localhost:34961/__cypress/runner/cypress_runner.js:165408:18)\n    at Promise._settlePromise0 (http://localhost:34961/__cypress/runner/cypress_runner.js:165453:10)\n    at Promise._settlePromises (http://localhost:34961/__cypress/runner/cypress_runner.js:165528:18)\n    at Async../node_modules/bluebird/js/release/async.js.Async._drainQueue (http://localhost:34961/__cypress/runner/cypress_runner.js:162140:16)\n    at Async../node_modules/bluebird/js/release/async.js.Async._drainQueues (http://localhost:34961/__cypress/runner/cypress_runner.js:162150:10)\n    at Async.drainQueues (http://localhost:34961/__cypress/runner/cypress_runner.js:162024:14)",
                "diff": null
              },
              "uuid": "bf1e7573-f485-41af-be7d-a186b1e86766",
              "parentUUID": "ec380d61-e6dc-435d-bc8b-854f1a7a2673",
              "isHook": false,
              "skipped": false
            },
            {
              "title": "Verifica se a altura do board é 50 quando um valor maior é colocado no input",
              "fullTitle": "11 - Limite o tamanho mínimo e máximo do board. Verifica se a altura do board é 50 quando um valor maior é colocado no input",
              "timedOut": null,
              "duration": 4208,
              "state": "failed",
              "speed": null,
              "pass": false,
              "fail": true,
              "pending": false,
              "context": null,
              "code": "cy.get('#board-size').clear().type(51);\ncy.get('#generate-board').click();\ncy.get('.pixel').should('have.length', 2500);",
              "err": {
                "message": "CypressError: Timed out retrying: Expected to find element: '#board-size', but never found it.",
                "estack": "CypressError: Timed out retrying: Expected to find element: '#board-size', but never found it.\n    at cypressErr (http://localhost:34961/__cypress/runner/cypress_runner.js:149934:9)\n    at throwErr (http://localhost:34961/__cypress/runner/cypress_runner.js:149867:11)\n    at Object.throwErrByPath (http://localhost:34961/__cypress/runner/cypress_runner.js:149915:3)\n    at retry (http://localhost:34961/__cypress/runner/cypress_runner.js:144197:19)\n    at onFailFn (http://localhost:34961/__cypress/runner/cypress_runner.js:132448:16)\n    at tryCatcher (http://localhost:34961/__cypress/runner/cypress_runner.js:167415:23)\n    at Promise._settlePromiseFromHandler (http://localhost:34961/__cypress/runner/cypress_runner.js:165351:31)\n    at Promise._settlePromise (http://localhost:34961/__cypress/runner/cypress_runner.js:165408:18)\n    at Promise._settlePromise0 (http://localhost:34961/__cypress/runner/cypress_runner.js:165453:10)\n    at Promise._settlePromises (http://localhost:34961/__cypress/runner/cypress_runner.js:165528:18)\n    at Async../node_modules/bluebird/js/release/async.js.Async._drainQueue (http://localhost:34961/__cypress/runner/cypress_runner.js:162140:16)\n    at Async../node_modules/bluebird/js/release/async.js.Async._drainQueues (http://localhost:34961/__cypress/runner/cypress_runner.js:162150:10)\n    at Async.drainQueues (http://localhost:34961/__cypress/runner/cypress_runner.js:162024:14)",
                "diff": null
              },
              "uuid": "68719559-7043-4664-a071-70d2e7e06ac9",
              "parentUUID": "ec380d61-e6dc-435d-bc8b-854f1a7a2673",
              "isHook": false,
              "skipped": false
            }
          ],
          "suites": [],
          "passes": [],
          "failures": [
            "a2879d83-d9df-4a2c-ba55-e43649699839",
            "bf1e7573-f485-41af-be7d-a186b1e86766",
            "68719559-7043-4664-a071-70d2e7e06ac9"
          ],
          "pending": [],
          "skipped": [],
          "duration": 12812,
          "root": false,
          "rootEmpty": false,
          "_timeout": 2000
        },
        {
          "uuid": "4f52a91f-be99-4cb2-858d-69e782661a47",
          "title": "12 - Faça com que as cores da paleta sejam geradas aleatoriamente ao carregar a página.",
          "fullFile": "",
          "file": "",
          "beforeHooks": [],
          "afterHooks": [],
          "tests": [
            {
              "title": "Verifica se as cores geradas na paleta são diferentes a cada carregamento da página",
              "fullTitle": "12 - Faça com que as cores da paleta sejam geradas aleatoriamente ao carregar a página. Verifica se as cores geradas na paleta são diferentes a cada carregamento da página",
              "timedOut": null,
              "duration": 390,
              "state": "failed",
              "speed": null,
              "pass": false,
              "fail": true,
              "pending": false,
              "context": null,
              "code": "cy.get('.color').then(function (colors) {\n  var currentColors;\n  var previousColors;\n  previousColors = Array.from(colors).map(function (color) {\n    return Cypress.$(color).css('background-color');\n  });\n  for (var i = 0; i < 5; i += 1) {\n    cy.reload();\n    cy.get('.color').then(function (colors) {\n      currentColors = Array.from(colors).map(function (color) {\n        return Cypress.$(color).css('background-color');\n      });\n      expect(currentColors).not.to.deep.equal(previousColors);\n      previousColors = currentColors;\n    });\n  }\n});",
              "err": {
                "message": "AssertionError: expected [ Array(4) ] to not deeply equal [ Array(4) ]",
                "estack": "AssertionError: expected [ Array(4) ] to not deeply equal [ Array(4) ]\n    at getRet (http://localhost:34961/__cypress/runner/cypress_runner.js:136585:16)\n    at tryCatcher (http://localhost:34961/__cypress/runner/cypress_runner.js:167415:23)\n    at Function.Promise.attempt.Promise.try (http://localhost:34961/__cypress/runner/cypress_runner.js:164690:29)\n    at Context.thenFn (http://localhost:34961/__cypress/runner/cypress_runner.js:136599:23)\n    at Context.then (http://localhost:34961/__cypress/runner/cypress_runner.js:136971:21)\n    at Context.<anonymous> (http://localhost:34961/__cypress/runner/cypress_runner.js:148875:21)\n    at http://localhost:34961/__cypress/runner/cypress_runner.js:148351:33\n    at tryCatcher (http://localhost:34961/__cypress/runner/cypress_runner.js:167415:23)\n    at Promise._settlePromiseFromHandler (http://localhost:34961/__cypress/runner/cypress_runner.js:165351:31)\n    at Promise._settlePromise (http://localhost:34961/__cypress/runner/cypress_runner.js:165408:18)\n    at Promise._settlePromiseCtx (http://localhost:34961/__cypress/runner/cypress_runner.js:165445:10)\n    at Async../node_modules/bluebird/js/release/async.js.Async._drainQueue (http://localhost:34961/__cypress/runner/cypress_runner.js:162145:12)\n    at Async../node_modules/bluebird/js/release/async.js.Async._drainQueues (http://localhost:34961/__cypress/runner/cypress_runner.js:162150:10)\n    at Async.drainQueues (http://localhost:34961/__cypress/runner/cypress_runner.js:162024:14)",
                "diff": ""
              },
              "uuid": "384f0ed6-27c5-4887-8bc8-97da6d3a62dc",
              "parentUUID": "4f52a91f-be99-4cb2-858d-69e782661a47",
              "isHook": false,
              "skipped": false
            },
            {
              "title": "Verifica se a cor preta ainda está presente e é a primeira na sua paleta de cores",
              "fullTitle": "12 - Faça com que as cores da paleta sejam geradas aleatoriamente ao carregar a página. Verifica se a cor preta ainda está presente e é a primeira na sua paleta de cores",
              "timedOut": null,
              "duration": 497,
              "state": "failed",
              "speed": null,
              "pass": false,
              "fail": true,
              "pending": false,
              "context": null,
              "code": "cy.get('.color').then(function (colors) {\n  var currentColors;\n  var previousColors;\n  previousColors = Array.from(colors).map(function (color) {\n    return Cypress.$(color).css('background-color');\n  });\n  expect(previousColors[0]).to.eq(BLACK);\n  for (var i = 0; i < 5; i += 1) {\n    cy.reload();\n    cy.get('.color').then(function (colors) {\n      currentColors = Array.from(colors).map(function (color) {\n        return Cypress.$(color).css('background-color');\n      });\n      expect(currentColors[0]).to.eq(BLACK);\n      expect(currentColors).not.to.deep.equal(previousColors);\n      previousColors = currentColors;\n    });\n  }\n});",
              "err": {
                "message": "AssertionError: expected [ Array(4) ] to not deeply equal [ Array(4) ]",
                "estack": "AssertionError: expected [ Array(4) ] to not deeply equal [ Array(4) ]\n    at getRet (http://localhost:34961/__cypress/runner/cypress_runner.js:136585:16)\n    at tryCatcher (http://localhost:34961/__cypress/runner/cypress_runner.js:167415:23)\n    at Function.Promise.attempt.Promise.try (http://localhost:34961/__cypress/runner/cypress_runner.js:164690:29)\n    at Context.thenFn (http://localhost:34961/__cypress/runner/cypress_runner.js:136599:23)\n    at Context.then (http://localhost:34961/__cypress/runner/cypress_runner.js:136971:21)\n    at Context.<anonymous> (http://localhost:34961/__cypress/runner/cypress_runner.js:148875:21)\n    at http://localhost:34961/__cypress/runner/cypress_runner.js:148351:33\n    at tryCatcher (http://localhost:34961/__cypress/runner/cypress_runner.js:167415:23)\n    at Promise._settlePromiseFromHandler (http://localhost:34961/__cypress/runner/cypress_runner.js:165351:31)\n    at Promise._settlePromise (http://localhost:34961/__cypress/runner/cypress_runner.js:165408:18)\n    at Promise._settlePromiseCtx (http://localhost:34961/__cypress/runner/cypress_runner.js:165445:10)\n    at Async../node_modules/bluebird/js/release/async.js.Async._drainQueue (http://localhost:34961/__cypress/runner/cypress_runner.js:162145:12)\n    at Async../node_modules/bluebird/js/release/async.js.Async._drainQueues (http://localhost:34961/__cypress/runner/cypress_runner.js:162150:10)\n    at Async.drainQueues (http://localhost:34961/__cypress/runner/cypress_runner.js:162024:14)",
                "diff": ""
              },
              "uuid": "2d4ae33d-7dfa-41e4-99ac-056b8dd4dfd4",
              "parentUUID": "4f52a91f-be99-4cb2-858d-69e782661a47",
              "isHook": false,
              "skipped": false
            }
          ],
          "suites": [],
          "passes": [],
          "failures": [
            "384f0ed6-27c5-4887-8bc8-97da6d3a62dc",
            "2d4ae33d-7dfa-41e4-99ac-056b8dd4dfd4"
          ],
          "pending": [],
          "skipped": [],
          "duration": 887,
          "root": false,
          "rootEmpty": false,
          "_timeout": 2000
        }
      ],
      "passes": [],
      "failures": [],
      "pending": [],
      "skipped": [],
      "duration": 0,
      "root": true,
      "rootEmpty": true,
      "_timeout": 2000
    }
  ],
  "meta": {
    "mocha": {
      "version": "7.0.1"
    },
    "mochawesome": {
      "options": {
        "quiet": false,
        "reportFilename": "mochawesome",
        "saveHtml": false,
        "saveJson": true,
        "consoleReporter": "spec",
        "useInlineDiffs": false
      },
      "version": "4.1.0"
    },
    "marge": {
      "options": {
        "id": "default",
        "reportDir": "cypress/reports",
        "overwrite": true,
        "html": false,
        "json": true
      },
      "version": "4.1.0"
    }
  }
}