{
  "stats": {
    "suites": 12,
    "tests": 41,
    "passes": 23,
    "pending": 0,
    "failures": 18,
    "start": "2021-07-08T22:18:26.686Z",
    "end": "2021-07-08T22:20:04.115Z",
    "duration": 97429,
    "testsRegistered": 41,
    "passPercent": 56.09756097560976,
    "pendingPercent": 0,
    "other": 0,
    "hasOther": false,
    "skipped": 0,
    "hasSkipped": false
  },
  "results": [
    {
      "uuid": "1c7031dc-57ee-402f-987f-80dd6072c045",
      "title": "",
      "fullFile": "cypress/integration/project.spec.js",
      "file": "cypress/integration/project.spec.js",
      "beforeHooks": [],
      "afterHooks": [],
      "tests": [],
      "suites": [
        {
          "uuid": "779dd68e-baac-4ea6-a23f-1b464d07eacc",
          "title": "1 - Adicione à página o título \"Paleta de Cores\".",
          "fullFile": "",
          "file": "",
          "beforeHooks": [],
          "afterHooks": [],
          "tests": [
            {
              "title": "Verifica se contém um elemento `h1` com o id `title` com o título correto",
              "fullTitle": "1 - Adicione à página o título \"Paleta de Cores\". Verifica se contém um elemento `h1` com o id `title` com o título correto",
              "timedOut": null,
              "duration": 144,
              "state": "passed",
              "speed": "slow",
              "pass": true,
              "fail": false,
              "pending": false,
              "context": null,
              "code": "cy.get('h1#title').should('contain.text', 'Paleta de Cores');",
              "err": {},
              "uuid": "034c96d2-18b1-4e0e-9756-d440f6c0e080",
              "parentUUID": "779dd68e-baac-4ea6-a23f-1b464d07eacc",
              "isHook": false,
              "skipped": false
            }
          ],
          "suites": [],
          "passes": [
            "034c96d2-18b1-4e0e-9756-d440f6c0e080"
          ],
          "failures": [],
          "pending": [],
          "skipped": [],
          "duration": 144,
          "root": false,
          "rootEmpty": false,
          "_timeout": 2000
        },
        {
          "uuid": "e14ef2bf-e030-498e-b067-c1c69f60aab7",
          "title": "2 - Adicione à página uma paleta de quatro cores distintas.",
          "fullFile": "",
          "file": "",
          "beforeHooks": [],
          "afterHooks": [],
          "tests": [
            {
              "title": "A paleta de cores deve ser um elemento com `id` denominado `color-palette`",
              "fullTitle": "2 - Adicione à página uma paleta de quatro cores distintas. A paleta de cores deve ser um elemento com `id` denominado `color-palette`",
              "timedOut": null,
              "duration": 81,
              "state": "passed",
              "speed": "slow",
              "pass": true,
              "fail": false,
              "pending": false,
              "context": null,
              "code": "cy.get('#color-palette').should('be.visible');",
              "err": {},
              "uuid": "727ec19b-c043-4601-be0f-33c077f53c1c",
              "parentUUID": "e14ef2bf-e030-498e-b067-c1c69f60aab7",
              "isHook": false,
              "skipped": false
            },
            {
              "title": "Verifica se cada cor individual da paleta de cores possui a `classe` chamada `color`.",
              "fullTitle": "2 - Adicione à página uma paleta de quatro cores distintas. Verifica se cada cor individual da paleta de cores possui a `classe` chamada `color`.",
              "timedOut": null,
              "duration": 174,
              "state": "passed",
              "speed": "slow",
              "pass": true,
              "fail": false,
              "pending": false,
              "context": null,
              "code": "cy.get('.color').should('have.length', 4).then(function (colors) {\n  for (var i = 0; i < colors.length; i++) {\n    cy.wrap(colors[i]).should('be.visible');\n  }\n});",
              "err": {},
              "uuid": "bbdc8ab5-36bf-4f39-88a2-299a8037d297",
              "parentUUID": "e14ef2bf-e030-498e-b067-c1c69f60aab7",
              "isHook": false,
              "skipped": false
            },
            {
              "title": "Verifica se a cor de fundo de cada elemento da paleta é a cor que o elemento representa. **A única cor não permitida na paleta é a cor branca.**",
              "fullTitle": "2 - Adicione à página uma paleta de quatro cores distintas. Verifica se a cor de fundo de cada elemento da paleta é a cor que o elemento representa. **A única cor não permitida na paleta é a cor branca.**",
              "timedOut": null,
              "duration": 181,
              "state": "passed",
              "speed": "slow",
              "pass": true,
              "fail": false,
              "pending": false,
              "context": null,
              "code": "cy.get('.color').each(function (color) {\n  cy.wrap(color).should('have.class', 'color').and('not.have.css', 'background-color', WHITE);\n  cy.wrap(color).should('have.css', 'background-color');\n});",
              "err": {},
              "uuid": "d23fb6f8-d7ab-4769-86e8-01c927481e50",
              "parentUUID": "e14ef2bf-e030-498e-b067-c1c69f60aab7",
              "isHook": false,
              "skipped": false
            },
            {
              "title": "Verifica se cada elemento da paleta de cores tem uma borda preta, sólida e com 1 pixel de largura;",
              "fullTitle": "2 - Adicione à página uma paleta de quatro cores distintas. Verifica se cada elemento da paleta de cores tem uma borda preta, sólida e com 1 pixel de largura;",
              "timedOut": null,
              "duration": 94,
              "state": "passed",
              "speed": "slow",
              "pass": true,
              "fail": false,
              "pending": false,
              "context": null,
              "code": "cy.get('.color').each(function (color) {\n  cy.wrap(color).and('have.css', 'border', \"1px solid \".concat(BLACK)).and('have.class', 'color');\n});",
              "err": {},
              "uuid": "53ce0c29-5811-4950-b60e-16418962facf",
              "parentUUID": "e14ef2bf-e030-498e-b067-c1c69f60aab7",
              "isHook": false,
              "skipped": false
            },
            {
              "title": "Verifica se a paleta lista todas as cores disponíveis para utilização, lado a lado.",
              "fullTitle": "2 - Adicione à página uma paleta de quatro cores distintas. Verifica se a paleta lista todas as cores disponíveis para utilização, lado a lado.",
              "timedOut": null,
              "duration": 106,
              "state": "passed",
              "speed": "slow",
              "pass": true,
              "fail": false,
              "pending": false,
              "context": null,
              "code": "cy.get('.color').then(function (colors) {\n  for (var index = 1; index < colors.length; index += 1) {\n    var currentColor = colors[index];\n    var previousColor = colors[index - 1];\n    cy.wrap(currentColor).should('be.onTheRightOf', previousColor).and('be.horizontallyAlignedWith', previousColor);\n  }\n});",
              "err": {},
              "uuid": "a07c73c6-0521-46f3-9ee3-c7e798e29fa8",
              "parentUUID": "e14ef2bf-e030-498e-b067-c1c69f60aab7",
              "isHook": false,
              "skipped": false
            },
            {
              "title": "Verifica se a paleta de cores está posicionada abaixo do título 'Paleta de Cores'",
              "fullTitle": "2 - Adicione à página uma paleta de quatro cores distintas. Verifica se a paleta de cores está posicionada abaixo do título 'Paleta de Cores'",
              "timedOut": null,
              "duration": 108,
              "state": "passed",
              "speed": "slow",
              "pass": true,
              "fail": false,
              "pending": false,
              "context": null,
              "code": "cy.get('h1#title').then(function (title) {\n  cy.get('#color-palette').should('be.belowOf', title);\n});",
              "err": {},
              "uuid": "2a24dc54-225c-4e05-a552-3824edeacbe8",
              "parentUUID": "e14ef2bf-e030-498e-b067-c1c69f60aab7",
              "isHook": false,
              "skipped": false
            },
            {
              "title": "Verifica se a paleta de cores não contém cores repetidas.",
              "fullTitle": "2 - Adicione à página uma paleta de quatro cores distintas. Verifica se a paleta de cores não contém cores repetidas.",
              "timedOut": null,
              "duration": 72,
              "state": "passed",
              "speed": "medium",
              "pass": true,
              "fail": false,
              "pending": false,
              "context": null,
              "code": "cy.get('.color').then(function (colors) {\n  var allColors = Array.from(colors).map(function (color) {\n    return Cypress.$(color).css('background-color');\n  });\n  cy.log(allColors);\n  var uniqColors = (0, _toConsumableArray2[\"default\"])(new Set(allColors));\n  cy.log(uniqColors);\n  expect(allColors.length).to.eq(uniqColors.length);\n});",
              "err": {},
              "uuid": "a6b5a37c-d395-4e03-976d-31114745b4e4",
              "parentUUID": "e14ef2bf-e030-498e-b067-c1c69f60aab7",
              "isHook": false,
              "skipped": false
            }
          ],
          "suites": [],
          "passes": [
            "727ec19b-c043-4601-be0f-33c077f53c1c",
            "bbdc8ab5-36bf-4f39-88a2-299a8037d297",
            "d23fb6f8-d7ab-4769-86e8-01c927481e50",
            "53ce0c29-5811-4950-b60e-16418962facf",
            "a07c73c6-0521-46f3-9ee3-c7e798e29fa8",
            "2a24dc54-225c-4e05-a552-3824edeacbe8",
            "a6b5a37c-d395-4e03-976d-31114745b4e4"
          ],
          "failures": [],
          "pending": [],
          "skipped": [],
          "duration": 816,
          "root": false,
          "rootEmpty": false,
          "_timeout": 2000
        },
        {
          "uuid": "57099245-b9c7-47b6-a9dd-9a88bc14c502",
          "title": "3 - Adicione a cor **preta** como a primeira cor da paleta de cores.",
          "fullFile": "",
          "file": "",
          "beforeHooks": [],
          "afterHooks": [],
          "tests": [
            {
              "title": "Verifica se a primeira cor da paleta é preta",
              "fullTitle": "3 - Adicione a cor **preta** como a primeira cor da paleta de cores. Verifica se a primeira cor da paleta é preta",
              "timedOut": null,
              "duration": 89,
              "state": "passed",
              "speed": "slow",
              "pass": true,
              "fail": false,
              "pending": false,
              "context": null,
              "code": "cy.get('.color').first().should('have.css', 'background-color', BLACK);",
              "err": {},
              "uuid": "a50503dd-873d-42ad-8b6e-b6d928279638",
              "parentUUID": "57099245-b9c7-47b6-a9dd-9a88bc14c502",
              "isHook": false,
              "skipped": false
            },
            {
              "title": "Verifica se as demais cores podem ser escolhidas livremente.",
              "fullTitle": "3 - Adicione a cor **preta** como a primeira cor da paleta de cores. Verifica se as demais cores podem ser escolhidas livremente.",
              "timedOut": null,
              "duration": 163,
              "state": "passed",
              "speed": "slow",
              "pass": true,
              "fail": false,
              "pending": false,
              "context": null,
              "code": "cy.get('.color').eq(1).should('not.have.css', 'background-color', BLACK);\ncy.get('.color').eq(1).should('not.have.css', 'background-color', WHITE);\ncy.get('.color').eq(1).should('not.have.css', 'background-color', 'rgba(0, 0, 0, 0)');\ncy.get('.color').eq(1).should('have.css', 'background-color');\ncy.get('.color').eq(2).should('not.have.css', 'background-color', BLACK);\ncy.get('.color').eq(2).should('not.have.css', 'background-color', WHITE);\ncy.get('.color').eq(2).should('not.have.css', 'background-color', 'rgba(0, 0, 0, 0)');\ncy.get('.color').eq(2).should('have.css', 'background-color');\ncy.get('.color').eq(3).should('not.have.css', 'background-color', BLACK);\ncy.get('.color').eq(3).should('not.have.css', 'background-color', WHITE);\ncy.get('.color').eq(3).should('not.have.css', 'background-color', 'rgba(0, 0, 0, 0)');\ncy.get('.color').eq(3).should('have.css', 'background-color');",
              "err": {},
              "uuid": "08916252-aa7b-47fc-b091-778db7670536",
              "parentUUID": "57099245-b9c7-47b6-a9dd-9a88bc14c502",
              "isHook": false,
              "skipped": false
            }
          ],
          "suites": [],
          "passes": [
            "a50503dd-873d-42ad-8b6e-b6d928279638",
            "08916252-aa7b-47fc-b091-778db7670536"
          ],
          "failures": [],
          "pending": [],
          "skipped": [],
          "duration": 252,
          "root": false,
          "rootEmpty": false,
          "_timeout": 2000
        },
        {
          "uuid": "c54a9f84-e9fc-415c-9294-17c9765c6a63",
          "title": "4 - Adicione à página um quadro de pixels, com 25 pixels.",
          "fullFile": "",
          "file": "",
          "beforeHooks": [],
          "afterHooks": [],
          "tests": [
            {
              "title": "Verifica se o quadro de pixels possui o `id` denominado `pixel-board`",
              "fullTitle": "4 - Adicione à página um quadro de pixels, com 25 pixels. Verifica se o quadro de pixels possui o `id` denominado `pixel-board`",
              "timedOut": null,
              "duration": 76,
              "state": "passed",
              "speed": "slow",
              "pass": true,
              "fail": false,
              "pending": false,
              "context": null,
              "code": "cy.get('#pixel-board').should('be.visible');",
              "err": {},
              "uuid": "521b7338-ed3b-4d77-8cd6-c691af309be9",
              "parentUUID": "c54a9f84-e9fc-415c-9294-17c9765c6a63",
              "isHook": false,
              "skipped": false
            },
            {
              "title": "Verifica se cada pixel individual dentro do quadro possui a `classe` denominada `pixel`.",
              "fullTitle": "4 - Adicione à página um quadro de pixels, com 25 pixels. Verifica se cada pixel individual dentro do quadro possui a `classe` denominada `pixel`.",
              "timedOut": null,
              "duration": 99,
              "state": "passed",
              "speed": "slow",
              "pass": true,
              "fail": false,
              "pending": false,
              "context": null,
              "code": "cy.get('.pixel').should('have.length', 25);",
              "err": {},
              "uuid": "ebad2742-929e-4ef8-8a3b-58973ae6dcf6",
              "parentUUID": "c54a9f84-e9fc-415c-9294-17c9765c6a63",
              "isHook": false,
              "skipped": false
            },
            {
              "title": "Verifica se a cor inicial dos pixels dentro do quadro, ao abrir a página, é branca.",
              "fullTitle": "4 - Adicione à página um quadro de pixels, com 25 pixels. Verifica se a cor inicial dos pixels dentro do quadro, ao abrir a página, é branca.",
              "timedOut": null,
              "duration": 148,
              "state": "passed",
              "speed": "slow",
              "pass": true,
              "fail": false,
              "pending": false,
              "context": null,
              "code": "cy.get('.pixel').should('have.length', 25).each(function (pixel) {\n  expect(pixel).to.have.css('background-color', WHITE);\n});",
              "err": {},
              "uuid": "37f85472-b4f7-48f3-9d45-e626d7382f8e",
              "parentUUID": "c54a9f84-e9fc-415c-9294-17c9765c6a63",
              "isHook": false,
              "skipped": false
            },
            {
              "title": "Verifica se o quadro de pixels aparece abaixo da paleta de cores",
              "fullTitle": "4 - Adicione à página um quadro de pixels, com 25 pixels. Verifica se o quadro de pixels aparece abaixo da paleta de cores",
              "timedOut": null,
              "duration": 74,
              "state": "passed",
              "speed": "medium",
              "pass": true,
              "fail": false,
              "pending": false,
              "context": null,
              "code": "cy.get('#color-palette').then(function (palette) {\n  cy.get('#pixel-board').should('be.belowOf', palette);\n});",
              "err": {},
              "uuid": "ba4a0138-3257-453a-b346-38e2feea9544",
              "parentUUID": "c54a9f84-e9fc-415c-9294-17c9765c6a63",
              "isHook": false,
              "skipped": false
            }
          ],
          "suites": [],
          "passes": [
            "521b7338-ed3b-4d77-8cd6-c691af309be9",
            "ebad2742-929e-4ef8-8a3b-58973ae6dcf6",
            "37f85472-b4f7-48f3-9d45-e626d7382f8e",
            "ba4a0138-3257-453a-b346-38e2feea9544"
          ],
          "failures": [],
          "pending": [],
          "skipped": [],
          "duration": 397,
          "root": false,
          "rootEmpty": false,
          "_timeout": 2000
        },
        {
          "uuid": "0a50194d-e877-40c9-9ea5-00c3be6b76b6",
          "title": "5 - Faça com que cada elemento do quadro de pixels possua 40 pixels de largura, 40 pixels de altura e seja delimitado por uma borda preta de 1 pixel.",
          "fullFile": "",
          "file": "",
          "beforeHooks": [],
          "afterHooks": [],
          "tests": [
            {
              "title": "Verifica se o quadro de pixels tem altura e comprimento de 5 elementos",
              "fullTitle": "5 - Faça com que cada elemento do quadro de pixels possua 40 pixels de largura, 40 pixels de altura e seja delimitado por uma borda preta de 1 pixel. Verifica se o quadro de pixels tem altura e comprimento de 5 elementos",
              "timedOut": null,
              "duration": 250,
              "state": "passed",
              "speed": "slow",
              "pass": true,
              "fail": false,
              "pending": false,
              "context": null,
              "code": "cy.get('.pixel').should('have.length', 25).each(function (pixel) {\n  expect(pixel).to.have.css('background-color', WHITE);\n}).and(function (pixels) {\n  var rows = chunk(pixels, 5);\n  rows.forEach(function (row) {\n    for (var index = 1; index < row.length; index += 1) {\n      var current = pixels[index];\n      var previous = pixels[index - 1];\n      cy.wrap(current).should('be.onTheRightOf', previous).and('be.horizontallyAlignedWith', previous);\n    }\n  });\n  for (var index = 1; index < 5; index += 1) {\n    expect(pixels[index * 5]).to.be.belowOf(pixels[(index - 1) * 5]);\n  }\n});",
              "err": {},
              "uuid": "78d2c3b5-8b76-46de-96e9-1bfef4dac0cb",
              "parentUUID": "0a50194d-e877-40c9-9ea5-00c3be6b76b6",
              "isHook": false,
              "skipped": false
            },
            {
              "title": "Verifica se 40 pixels é o tamanho total do elemento, incluindo seu conteúdo e excluindo a borda preta, que deve ser criada à parte.",
              "fullTitle": "5 - Faça com que cada elemento do quadro de pixels possua 40 pixels de largura, 40 pixels de altura e seja delimitado por uma borda preta de 1 pixel. Verifica se 40 pixels é o tamanho total do elemento, incluindo seu conteúdo e excluindo a borda preta, que deve ser criada à parte.",
              "timedOut": null,
              "duration": 212,
              "state": "passed",
              "speed": "slow",
              "pass": true,
              "fail": false,
              "pending": false,
              "context": null,
              "code": "cy.get('.pixel').each(function (pixel) {\n  cy.wrap(pixel).should('have.css', 'height', '40px').and('have.css', 'width', '40px').and('have.css', 'border', \"1px solid \".concat(BLACK));\n});",
              "err": {},
              "uuid": "2460ad7d-2f2d-438a-9da8-0fbc1e296067",
              "parentUUID": "0a50194d-e877-40c9-9ea5-00c3be6b76b6",
              "isHook": false,
              "skipped": false
            }
          ],
          "suites": [],
          "passes": [
            "78d2c3b5-8b76-46de-96e9-1bfef4dac0cb",
            "2460ad7d-2f2d-438a-9da8-0fbc1e296067"
          ],
          "failures": [],
          "pending": [],
          "skipped": [],
          "duration": 462,
          "root": false,
          "rootEmpty": false,
          "_timeout": 2000
        },
        {
          "uuid": "486f899e-919d-4241-a1ac-5c6f03e93c46",
          "title": "6 - Defina a cor preta como cor inicial. Ao carregar a página a cor preta já deve estar selecionada para pintar os pixels",
          "fullFile": "",
          "file": "",
          "beforeHooks": [],
          "afterHooks": [],
          "tests": [
            {
              "title": "Verifica se o elemento da cor preta possui, inicialmente, a `classe` `selected`",
              "fullTitle": "6 - Defina a cor preta como cor inicial. Ao carregar a página a cor preta já deve estar selecionada para pintar os pixels Verifica se o elemento da cor preta possui, inicialmente, a `classe` `selected`",
              "timedOut": null,
              "duration": 83,
              "state": "passed",
              "speed": "slow",
              "pass": true,
              "fail": false,
              "pending": false,
              "context": null,
              "code": "cy.get('.selected').first().should('have.css', 'background-color', BLACK);",
              "err": {},
              "uuid": "e0c804e0-1745-4ab2-b52f-1cf06b210670",
              "parentUUID": "486f899e-919d-4241-a1ac-5c6f03e93c46",
              "isHook": false,
              "skipped": false
            },
            {
              "title": "Verifica se nenhuma outra cor da paleta tem a `classe` `selected`",
              "fullTitle": "6 - Defina a cor preta como cor inicial. Ao carregar a página a cor preta já deve estar selecionada para pintar os pixels Verifica se nenhuma outra cor da paleta tem a `classe` `selected`",
              "timedOut": null,
              "duration": 92,
              "state": "passed",
              "speed": "slow",
              "pass": true,
              "fail": false,
              "pending": false,
              "context": null,
              "code": "cy.get('.color:not(:first-child)').each(function (color) {\n  cy.wrap(color).should('not.have.class', 'selected');\n});",
              "err": {},
              "uuid": "ba6cc768-62a1-4d94-b7c9-546bd5b75d4f",
              "parentUUID": "486f899e-919d-4241-a1ac-5c6f03e93c46",
              "isHook": false,
              "skipped": false
            }
          ],
          "suites": [],
          "passes": [
            "e0c804e0-1745-4ab2-b52f-1cf06b210670",
            "ba6cc768-62a1-4d94-b7c9-546bd5b75d4f"
          ],
          "failures": [],
          "pending": [],
          "skipped": [],
          "duration": 175,
          "root": false,
          "rootEmpty": false,
          "_timeout": 2000
        },
        {
          "uuid": "59cc5517-213e-4b02-b1f8-25112d101b4b",
          "title": "7 - Clicar em uma das cores da paleta, faz com que ela seja selecionada e utilizada para preencher os pixels no quadro.",
          "fullFile": "",
          "file": "",
          "beforeHooks": [],
          "afterHooks": [],
          "tests": [
            {
              "title": "Verifica se somente uma cor da paleta de cores tem a classe `selected` de cada vez",
              "fullTitle": "7 - Clicar em uma das cores da paleta, faz com que ela seja selecionada e utilizada para preencher os pixels no quadro. Verifica se somente uma cor da paleta de cores tem a classe `selected` de cada vez",
              "timedOut": null,
              "duration": 472,
              "state": "passed",
              "speed": "slow",
              "pass": true,
              "fail": false,
              "pending": false,
              "context": null,
              "code": "cy.get('.color').each(function (selectedColor, selectedColorIndex) {\n  cy.wrap(selectedColor).click();\n  cy.get('.color').each(function (color, colorIndex) {\n    if (colorIndex === selectedColorIndex) {\n      expect(color).to.have[\"class\"]('selected');\n    } else {\n      expect(color).not.to.have[\"class\"]('selected');\n    }\n  });\n});",
              "err": {},
              "uuid": "915aa001-3a17-4a2d-b2a0-0bf67938298d",
              "parentUUID": "59cc5517-213e-4b02-b1f8-25112d101b4b",
              "isHook": false,
              "skipped": false
            },
            {
              "title": "Verifica se os pixels dentro do quadro não têm a classe `selected` quando são clicados",
              "fullTitle": "7 - Clicar em uma das cores da paleta, faz com que ela seja selecionada e utilizada para preencher os pixels no quadro. Verifica se os pixels dentro do quadro não têm a classe `selected` quando são clicados",
              "timedOut": null,
              "duration": 9131,
              "state": "passed",
              "speed": "slow",
              "pass": true,
              "fail": false,
              "pending": false,
              "context": null,
              "code": "cy.get('.color').each(function (color) {\n  var backgroundColor = color.css('background-color');\n  cy.wrap(color).click();\n  cy.get('.pixel').each(function (pixel) {\n    cy.wrap(pixel).click().should('not.have.class', 'selected');\n  });\n});",
              "err": {},
              "uuid": "ff606abc-468d-4ede-b93e-bc03ed830254",
              "parentUUID": "59cc5517-213e-4b02-b1f8-25112d101b4b",
              "isHook": false,
              "skipped": false
            }
          ],
          "suites": [],
          "passes": [
            "915aa001-3a17-4a2d-b2a0-0bf67938298d",
            "ff606abc-468d-4ede-b93e-bc03ed830254"
          ],
          "failures": [],
          "pending": [],
          "skipped": [],
          "duration": 9603,
          "root": false,
          "rootEmpty": false,
          "_timeout": 2000
        },
        {
          "uuid": "7c6806fc-ba94-49a3-83a2-54cc90ce2b6c",
          "title": "8 - Clicar em um pixel dentro do quadro após selecionar uma cor na paleta, faz com que o pixel seja preenchido com a cor selecionada.",
          "fullFile": "",
          "file": "",
          "beforeHooks": [],
          "afterHooks": [],
          "tests": [
            {
              "title": "Verifica se ao carregar a página deve ser possível pintar os pixels de preto",
              "fullTitle": "8 - Clicar em um pixel dentro do quadro após selecionar uma cor na paleta, faz com que o pixel seja preenchido com a cor selecionada. Verifica se ao carregar a página deve ser possível pintar os pixels de preto",
              "timedOut": null,
              "duration": 2221,
              "state": "passed",
              "speed": "slow",
              "pass": true,
              "fail": false,
              "pending": false,
              "context": null,
              "code": "cy.get('.pixel').each(function (pixel) {\n  cy.wrap(pixel).click().should('have.css', 'background-color', BLACK);\n});",
              "err": {},
              "uuid": "a3a24f62-a195-41f4-a1b0-7c39d9de4ca5",
              "parentUUID": "7c6806fc-ba94-49a3-83a2-54cc90ce2b6c",
              "isHook": false,
              "skipped": false
            },
            {
              "title": "Verifica se após selecionar uma outra cor na paleta, é possível pintar os pixels com essa cor",
              "fullTitle": "8 - Clicar em um pixel dentro do quadro após selecionar uma cor na paleta, faz com que o pixel seja preenchido com a cor selecionada. Verifica se após selecionar uma outra cor na paleta, é possível pintar os pixels com essa cor",
              "timedOut": null,
              "duration": 9124,
              "state": "passed",
              "speed": "slow",
              "pass": true,
              "fail": false,
              "pending": false,
              "context": null,
              "code": "cy.get('.color').each(function (color) {\n  var backgroundColor = color.css('background-color');\n  cy.wrap(color).click();\n  cy.get('.pixel').each(function (pixel) {\n    cy.wrap(pixel).click().should('have.css', 'background-color', backgroundColor);\n  });\n});",
              "err": {},
              "uuid": "e46fdde9-b110-4dbe-9236-352034969fba",
              "parentUUID": "7c6806fc-ba94-49a3-83a2-54cc90ce2b6c",
              "isHook": false,
              "skipped": false
            },
            {
              "title": "Verifica se somente o pixel que foi clicado foi preenchido com a cor selecionada, sem influenciar na cor dos demais pixels.",
              "fullTitle": "8 - Clicar em um pixel dentro do quadro após selecionar uma cor na paleta, faz com que o pixel seja preenchido com a cor selecionada. Verifica se somente o pixel que foi clicado foi preenchido com a cor selecionada, sem influenciar na cor dos demais pixels.",
              "timedOut": null,
              "duration": 1390,
              "state": "passed",
              "speed": "slow",
              "pass": true,
              "fail": false,
              "pending": false,
              "context": null,
              "code": "var colorToPixelIndexMap = {\n  0: 6,\n  1: 8,\n  2: 16,\n  3: 18\n};\ncy.get('.color').each(function (color, index) {\n  cy.wrap(color).click();\n  var backgroundColor = color.css('background-color');\n  var clickedPixelIndex = colorToPixelIndexMap[index];\n  cy.get('.pixel').eq(clickedPixelIndex).click();\n  cy.get('.pixel').eq(clickedPixelIndex - 1).should('not.have.css', 'background-color', backgroundColor);\n  cy.get('.pixel').eq(clickedPixelIndex + 1).should('not.have.css', 'background-color', backgroundColor);\n  cy.get('.pixel').eq(clickedPixelIndex - 5).should('not.have.css', 'background-color', backgroundColor);\n  cy.get('.pixel').eq(clickedPixelIndex + 5).should('not.have.css', 'background-color', backgroundColor);\n  cy.get('.pixel').eq(clickedPixelIndex - 6).should('not.have.css', 'background-color', backgroundColor);\n  cy.get('.pixel').eq(clickedPixelIndex - 4).should('not.have.css', 'background-color', backgroundColor);\n  cy.get('.pixel').eq(clickedPixelIndex + 4).should('not.have.css', 'background-color', backgroundColor);\n  cy.get('.pixel').eq(clickedPixelIndex + 6).should('not.have.css', 'background-color', backgroundColor);\n});",
              "err": {},
              "uuid": "c58beba5-aa1b-4d26-8fed-4fcdb4e42394",
              "parentUUID": "7c6806fc-ba94-49a3-83a2-54cc90ce2b6c",
              "isHook": false,
              "skipped": false
            }
          ],
          "suites": [],
          "passes": [
            "a3a24f62-a195-41f4-a1b0-7c39d9de4ca5",
            "e46fdde9-b110-4dbe-9236-352034969fba",
            "c58beba5-aa1b-4d26-8fed-4fcdb4e42394"
          ],
          "failures": [],
          "pending": [],
          "skipped": [],
          "duration": 12735,
          "root": false,
          "rootEmpty": false,
          "_timeout": 2000
        },
        {
          "uuid": "b19443be-1038-4f4c-9fc9-065c1a90d3ae",
          "title": "9 - Crie um botão que, ao ser clicado, limpa o quadro preenchendo a cor de todos seus pixels com branco.",
          "fullFile": "",
          "file": "",
          "beforeHooks": [],
          "afterHooks": [],
          "tests": [
            {
              "title": "Verifica se o botão tem o `id` denominado `clear-board`",
              "fullTitle": "9 - Crie um botão que, ao ser clicado, limpa o quadro preenchendo a cor de todos seus pixels com branco. Verifica se o botão tem o `id` denominado `clear-board`",
              "timedOut": null,
              "duration": 4283,
              "state": "failed",
              "speed": null,
              "pass": false,
              "fail": true,
              "pending": false,
              "context": null,
              "code": "cy.get('#clear-board').should('be.visible');",
              "err": {
                "message": "CypressError: Timed out retrying: Expected to find element: '#clear-board', but never found it.",
                "estack": "CypressError: Timed out retrying: Expected to find element: '#clear-board', but never found it.\n    at cypressErr (http://localhost:35421/__cypress/runner/cypress_runner.js:149934:9)\n    at throwErr (http://localhost:35421/__cypress/runner/cypress_runner.js:149867:11)\n    at Object.throwErrByPath (http://localhost:35421/__cypress/runner/cypress_runner.js:149915:3)\n    at retry (http://localhost:35421/__cypress/runner/cypress_runner.js:144197:19)\n    at onFailFn (http://localhost:35421/__cypress/runner/cypress_runner.js:132448:16)\n    at tryCatcher (http://localhost:35421/__cypress/runner/cypress_runner.js:167415:23)\n    at Promise._settlePromiseFromHandler (http://localhost:35421/__cypress/runner/cypress_runner.js:165351:31)\n    at Promise._settlePromise (http://localhost:35421/__cypress/runner/cypress_runner.js:165408:18)\n    at Promise._settlePromise0 (http://localhost:35421/__cypress/runner/cypress_runner.js:165453:10)\n    at Promise._settlePromises (http://localhost:35421/__cypress/runner/cypress_runner.js:165528:18)\n    at Async../node_modules/bluebird/js/release/async.js.Async._drainQueue (http://localhost:35421/__cypress/runner/cypress_runner.js:162140:16)\n    at Async../node_modules/bluebird/js/release/async.js.Async._drainQueues (http://localhost:35421/__cypress/runner/cypress_runner.js:162150:10)\n    at Async.drainQueues (http://localhost:35421/__cypress/runner/cypress_runner.js:162024:14)",
                "diff": null
              },
              "uuid": "6f83a96d-93da-4b84-8b3b-4e856294523a",
              "parentUUID": "b19443be-1038-4f4c-9fc9-065c1a90d3ae",
              "isHook": false,
              "skipped": false
            },
            {
              "title": "Verifica se o botão está posicionado entre a paleta de cores e o quadro de pixels",
              "fullTitle": "9 - Crie um botão que, ao ser clicado, limpa o quadro preenchendo a cor de todos seus pixels com branco. Verifica se o botão está posicionado entre a paleta de cores e o quadro de pixels",
              "timedOut": null,
              "duration": 4201,
              "state": "failed",
              "speed": null,
              "pass": false,
              "fail": true,
              "pending": false,
              "context": null,
              "code": "cy.get('#color-palette').then(function (palette) {\n  cy.get('#clear-board').should('be.belowOf', palette);\n});\ncy.get('#clear-board').then(function (clearBtn) {\n  cy.get('#pixel-board').should('be.belowOf', clearBtn);\n});",
              "err": {
                "message": "CypressError: Timed out retrying: Expected to find element: '#clear-board', but never found it.",
                "estack": "CypressError: Timed out retrying: Expected to find element: '#clear-board', but never found it.\n    at cypressErr (http://localhost:35421/__cypress/runner/cypress_runner.js:149934:9)\n    at throwErr (http://localhost:35421/__cypress/runner/cypress_runner.js:149867:11)\n    at Object.throwErrByPath (http://localhost:35421/__cypress/runner/cypress_runner.js:149915:3)\n    at retry (http://localhost:35421/__cypress/runner/cypress_runner.js:144197:19)\n    at onFailFn (http://localhost:35421/__cypress/runner/cypress_runner.js:132448:16)\n    at tryCatcher (http://localhost:35421/__cypress/runner/cypress_runner.js:167415:23)\n    at Promise._settlePromiseFromHandler (http://localhost:35421/__cypress/runner/cypress_runner.js:165351:31)\n    at Promise._settlePromise (http://localhost:35421/__cypress/runner/cypress_runner.js:165408:18)\n    at Promise._settlePromise0 (http://localhost:35421/__cypress/runner/cypress_runner.js:165453:10)\n    at Promise._settlePromises (http://localhost:35421/__cypress/runner/cypress_runner.js:165528:18)\n    at Async../node_modules/bluebird/js/release/async.js.Async._drainQueue (http://localhost:35421/__cypress/runner/cypress_runner.js:162140:16)\n    at Async../node_modules/bluebird/js/release/async.js.Async._drainQueues (http://localhost:35421/__cypress/runner/cypress_runner.js:162150:10)\n    at Async.drainQueues (http://localhost:35421/__cypress/runner/cypress_runner.js:162024:14)",
                "diff": null
              },
              "uuid": "fdec0448-5406-4f81-86c3-efda84da1b9b",
              "parentUUID": "b19443be-1038-4f4c-9fc9-065c1a90d3ae",
              "isHook": false,
              "skipped": false
            },
            {
              "title": "Verifica se o texto do botão é 'Limpar'",
              "fullTitle": "9 - Crie um botão que, ao ser clicado, limpa o quadro preenchendo a cor de todos seus pixels com branco. Verifica se o texto do botão é 'Limpar'",
              "timedOut": null,
              "duration": 4265,
              "state": "failed",
              "speed": null,
              "pass": false,
              "fail": true,
              "pending": false,
              "context": null,
              "code": "cy.get('#clear-board').should('contain.text', 'Limpar');",
              "err": {
                "message": "CypressError: Timed out retrying: Expected to find element: '#clear-board', but never found it.",
                "estack": "CypressError: Timed out retrying: Expected to find element: '#clear-board', but never found it.\n    at cypressErr (http://localhost:35421/__cypress/runner/cypress_runner.js:149934:9)\n    at throwErr (http://localhost:35421/__cypress/runner/cypress_runner.js:149867:11)\n    at Object.throwErrByPath (http://localhost:35421/__cypress/runner/cypress_runner.js:149915:3)\n    at retry (http://localhost:35421/__cypress/runner/cypress_runner.js:144197:19)\n    at onFailFn (http://localhost:35421/__cypress/runner/cypress_runner.js:132448:16)\n    at tryCatcher (http://localhost:35421/__cypress/runner/cypress_runner.js:167415:23)\n    at Promise._settlePromiseFromHandler (http://localhost:35421/__cypress/runner/cypress_runner.js:165351:31)\n    at Promise._settlePromise (http://localhost:35421/__cypress/runner/cypress_runner.js:165408:18)\n    at Promise._settlePromise0 (http://localhost:35421/__cypress/runner/cypress_runner.js:165453:10)\n    at Promise._settlePromises (http://localhost:35421/__cypress/runner/cypress_runner.js:165528:18)\n    at Async../node_modules/bluebird/js/release/async.js.Async._drainQueue (http://localhost:35421/__cypress/runner/cypress_runner.js:162140:16)\n    at Async../node_modules/bluebird/js/release/async.js.Async._drainQueues (http://localhost:35421/__cypress/runner/cypress_runner.js:162150:10)\n    at Async.drainQueues (http://localhost:35421/__cypress/runner/cypress_runner.js:162024:14)",
                "diff": null
              },
              "uuid": "653ad7f4-e31a-4cc1-a523-1cc3060d0386",
              "parentUUID": "b19443be-1038-4f4c-9fc9-065c1a90d3ae",
              "isHook": false,
              "skipped": false
            },
            {
              "title": "Verifica se ao clicar no botão, o quadro de pixels é totalmente preenchido de branco",
              "fullTitle": "9 - Crie um botão que, ao ser clicado, limpa o quadro preenchendo a cor de todos seus pixels com branco. Verifica se ao clicar no botão, o quadro de pixels é totalmente preenchido de branco",
              "timedOut": null,
              "duration": 6509,
              "state": "failed",
              "speed": null,
              "pass": false,
              "fail": true,
              "pending": false,
              "context": null,
              "code": "cy.get('.color').eq(1).then(function (color) {\n  var backgroundColor = color.css('background-color');\n  cy.wrap(color).click();\n  cy.get('.pixel').each(function (pixel) {\n    cy.wrap(pixel).click().should('have.css', 'background-color', backgroundColor);\n  });\n});\ncy.get('#clear-board').click();\ncy.get('.pixel').each(function (pixel) {\n  cy.wrap(pixel).should('have.css', 'background-color', WHITE);\n});",
              "err": {
                "message": "CypressError: Timed out retrying: Expected to find element: '#clear-board', but never found it.",
                "estack": "CypressError: Timed out retrying: Expected to find element: '#clear-board', but never found it.\n    at cypressErr (http://localhost:35421/__cypress/runner/cypress_runner.js:149934:9)\n    at throwErr (http://localhost:35421/__cypress/runner/cypress_runner.js:149867:11)\n    at Object.throwErrByPath (http://localhost:35421/__cypress/runner/cypress_runner.js:149915:3)\n    at retry (http://localhost:35421/__cypress/runner/cypress_runner.js:144197:19)\n    at onFailFn (http://localhost:35421/__cypress/runner/cypress_runner.js:132448:16)\n    at tryCatcher (http://localhost:35421/__cypress/runner/cypress_runner.js:167415:23)\n    at Promise._settlePromiseFromHandler (http://localhost:35421/__cypress/runner/cypress_runner.js:165351:31)\n    at Promise._settlePromise (http://localhost:35421/__cypress/runner/cypress_runner.js:165408:18)\n    at Promise._settlePromise0 (http://localhost:35421/__cypress/runner/cypress_runner.js:165453:10)\n    at Promise._settlePromises (http://localhost:35421/__cypress/runner/cypress_runner.js:165528:18)\n    at Async../node_modules/bluebird/js/release/async.js.Async._drainQueue (http://localhost:35421/__cypress/runner/cypress_runner.js:162140:16)\n    at Async../node_modules/bluebird/js/release/async.js.Async._drainQueues (http://localhost:35421/__cypress/runner/cypress_runner.js:162150:10)\n    at Async.drainQueues (http://localhost:35421/__cypress/runner/cypress_runner.js:162024:14)",
                "diff": null
              },
              "uuid": "1fca05c2-9407-492a-b067-877f77c8c1c7",
              "parentUUID": "b19443be-1038-4f4c-9fc9-065c1a90d3ae",
              "isHook": false,
              "skipped": false
            }
          ],
          "suites": [],
          "passes": [],
          "failures": [
            "6f83a96d-93da-4b84-8b3b-4e856294523a",
            "fdec0448-5406-4f81-86c3-efda84da1b9b",
            "653ad7f4-e31a-4cc1-a523-1cc3060d0386",
            "1fca05c2-9407-492a-b067-877f77c8c1c7"
          ],
          "pending": [],
          "skipped": [],
          "duration": 19258,
          "root": false,
          "rootEmpty": false,
          "_timeout": 2000
        },
        {
          "uuid": "3ce81368-e335-40cd-a78d-3d42ff1595a0",
          "title": "10 - Faça o quadro de pixels ter seu tamanho definido pelo usuário.",
          "fullFile": "",
          "file": "",
          "beforeHooks": [],
          "afterHooks": [],
          "tests": [
            {
              "title": "Verifica se existe um input com o id `board-size`",
              "fullTitle": "10 - Faça o quadro de pixels ter seu tamanho definido pelo usuário. Verifica se existe um input com o id `board-size`",
              "timedOut": null,
              "duration": 4385,
              "state": "failed",
              "speed": null,
              "pass": false,
              "fail": true,
              "pending": false,
              "context": null,
              "code": "cy.get('#board-size').should('be.visible');",
              "err": {
                "message": "CypressError: Timed out retrying: Expected to find element: '#board-size', but never found it.",
                "estack": "CypressError: Timed out retrying: Expected to find element: '#board-size', but never found it.\n    at cypressErr (http://localhost:35421/__cypress/runner/cypress_runner.js:149934:9)\n    at throwErr (http://localhost:35421/__cypress/runner/cypress_runner.js:149867:11)\n    at Object.throwErrByPath (http://localhost:35421/__cypress/runner/cypress_runner.js:149915:3)\n    at retry (http://localhost:35421/__cypress/runner/cypress_runner.js:144197:19)\n    at onFailFn (http://localhost:35421/__cypress/runner/cypress_runner.js:132448:16)\n    at tryCatcher (http://localhost:35421/__cypress/runner/cypress_runner.js:167415:23)\n    at Promise._settlePromiseFromHandler (http://localhost:35421/__cypress/runner/cypress_runner.js:165351:31)\n    at Promise._settlePromise (http://localhost:35421/__cypress/runner/cypress_runner.js:165408:18)\n    at Promise._settlePromise0 (http://localhost:35421/__cypress/runner/cypress_runner.js:165453:10)\n    at Promise._settlePromises (http://localhost:35421/__cypress/runner/cypress_runner.js:165528:18)\n    at Async../node_modules/bluebird/js/release/async.js.Async._drainQueue (http://localhost:35421/__cypress/runner/cypress_runner.js:162140:16)\n    at Async../node_modules/bluebird/js/release/async.js.Async._drainQueues (http://localhost:35421/__cypress/runner/cypress_runner.js:162150:10)\n    at Async.drainQueues (http://localhost:35421/__cypress/runner/cypress_runner.js:162024:14)",
                "diff": null
              },
              "uuid": "b687e126-21ef-44a5-843c-15c84b6fc933",
              "parentUUID": "3ce81368-e335-40cd-a78d-3d42ff1595a0",
              "isHook": false,
              "skipped": false
            },
            {
              "title": "Verifica se existe um botão com o id `generate-board`",
              "fullTitle": "10 - Faça o quadro de pixels ter seu tamanho definido pelo usuário. Verifica se existe um botão com o id `generate-board`",
              "timedOut": null,
              "duration": 4333,
              "state": "failed",
              "speed": null,
              "pass": false,
              "fail": true,
              "pending": false,
              "context": null,
              "code": "cy.get('#generate-board').should('be.visible');",
              "err": {
                "message": "CypressError: Timed out retrying: Expected to find element: '#generate-board', but never found it.",
                "estack": "CypressError: Timed out retrying: Expected to find element: '#generate-board', but never found it.\n    at cypressErr (http://localhost:35421/__cypress/runner/cypress_runner.js:149934:9)\n    at throwErr (http://localhost:35421/__cypress/runner/cypress_runner.js:149867:11)\n    at Object.throwErrByPath (http://localhost:35421/__cypress/runner/cypress_runner.js:149915:3)\n    at retry (http://localhost:35421/__cypress/runner/cypress_runner.js:144197:19)\n    at onFailFn (http://localhost:35421/__cypress/runner/cypress_runner.js:132448:16)\n    at tryCatcher (http://localhost:35421/__cypress/runner/cypress_runner.js:167415:23)\n    at Promise._settlePromiseFromHandler (http://localhost:35421/__cypress/runner/cypress_runner.js:165351:31)\n    at Promise._settlePromise (http://localhost:35421/__cypress/runner/cypress_runner.js:165408:18)\n    at Promise._settlePromise0 (http://localhost:35421/__cypress/runner/cypress_runner.js:165453:10)\n    at Promise._settlePromises (http://localhost:35421/__cypress/runner/cypress_runner.js:165528:18)\n    at Async../node_modules/bluebird/js/release/async.js.Async._drainQueue (http://localhost:35421/__cypress/runner/cypress_runner.js:162140:16)\n    at Async../node_modules/bluebird/js/release/async.js.Async._drainQueues (http://localhost:35421/__cypress/runner/cypress_runner.js:162150:10)\n    at Async.drainQueues (http://localhost:35421/__cypress/runner/cypress_runner.js:162024:14)",
                "diff": null
              },
              "uuid": "f3156e10-e156-44b9-8762-fbb14488af89",
              "parentUUID": "3ce81368-e335-40cd-a78d-3d42ff1595a0",
              "isHook": false,
              "skipped": false
            },
            {
              "title": "Verifica se o input só aceita número maiores que zero. Essa restrição deve ser feita usando os atributos do elemento `input`",
              "fullTitle": "10 - Faça o quadro de pixels ter seu tamanho definido pelo usuário. Verifica se o input só aceita número maiores que zero. Essa restrição deve ser feita usando os atributos do elemento `input`",
              "timedOut": null,
              "duration": 4332,
              "state": "failed",
              "speed": null,
              "pass": false,
              "fail": true,
              "pending": false,
              "context": null,
              "code": "cy.get('#board-size[type=\\'number\\'][min=\\'1\\']');",
              "err": {
                "message": "CypressError: Timed out retrying: Expected to find element: '#board-size[type='number'][min='1']', but never found it.",
                "estack": "CypressError: Timed out retrying: Expected to find element: '#board-size[type='number'][min='1']', but never found it.\n    at cypressErr (http://localhost:35421/__cypress/runner/cypress_runner.js:149934:9)\n    at throwErr (http://localhost:35421/__cypress/runner/cypress_runner.js:149867:11)\n    at Object.throwErrByPath (http://localhost:35421/__cypress/runner/cypress_runner.js:149915:3)\n    at retry (http://localhost:35421/__cypress/runner/cypress_runner.js:144197:19)\n    at onFailFn (http://localhost:35421/__cypress/runner/cypress_runner.js:132448:16)\n    at tryCatcher (http://localhost:35421/__cypress/runner/cypress_runner.js:167415:23)\n    at Promise._settlePromiseFromHandler (http://localhost:35421/__cypress/runner/cypress_runner.js:165351:31)\n    at Promise._settlePromise (http://localhost:35421/__cypress/runner/cypress_runner.js:165408:18)\n    at Promise._settlePromise0 (http://localhost:35421/__cypress/runner/cypress_runner.js:165453:10)\n    at Promise._settlePromises (http://localhost:35421/__cypress/runner/cypress_runner.js:165528:18)\n    at Async../node_modules/bluebird/js/release/async.js.Async._drainQueue (http://localhost:35421/__cypress/runner/cypress_runner.js:162140:16)\n    at Async../node_modules/bluebird/js/release/async.js.Async._drainQueues (http://localhost:35421/__cypress/runner/cypress_runner.js:162150:10)\n    at Async.drainQueues (http://localhost:35421/__cypress/runner/cypress_runner.js:162024:14)",
                "diff": null
              },
              "uuid": "769ed161-ef2a-4722-aa8b-698281cb3198",
              "parentUUID": "3ce81368-e335-40cd-a78d-3d42ff1595a0",
              "isHook": false,
              "skipped": false
            },
            {
              "title": "Verifica se o botão contém o texto 'VQV'",
              "fullTitle": "10 - Faça o quadro de pixels ter seu tamanho definido pelo usuário. Verifica se o botão contém o texto 'VQV'",
              "timedOut": null,
              "duration": 4220,
              "state": "failed",
              "speed": null,
              "pass": false,
              "fail": true,
              "pending": false,
              "context": null,
              "code": "cy.get('#generate-board').contains(/vqv/i);",
              "err": {
                "message": "CypressError: Timed out retrying: Expected to find element: '#generate-board', but never found it.",
                "estack": "CypressError: Timed out retrying: Expected to find element: '#generate-board', but never found it.\n    at cypressErr (http://localhost:35421/__cypress/runner/cypress_runner.js:149934:9)\n    at throwErr (http://localhost:35421/__cypress/runner/cypress_runner.js:149867:11)\n    at Object.throwErrByPath (http://localhost:35421/__cypress/runner/cypress_runner.js:149915:3)\n    at retry (http://localhost:35421/__cypress/runner/cypress_runner.js:144197:19)\n    at onFailFn (http://localhost:35421/__cypress/runner/cypress_runner.js:132448:16)\n    at tryCatcher (http://localhost:35421/__cypress/runner/cypress_runner.js:167415:23)\n    at Promise._settlePromiseFromHandler (http://localhost:35421/__cypress/runner/cypress_runner.js:165351:31)\n    at Promise._settlePromise (http://localhost:35421/__cypress/runner/cypress_runner.js:165408:18)\n    at Promise._settlePromise0 (http://localhost:35421/__cypress/runner/cypress_runner.js:165453:10)\n    at Promise._settlePromises (http://localhost:35421/__cypress/runner/cypress_runner.js:165528:18)\n    at Async../node_modules/bluebird/js/release/async.js.Async._drainQueue (http://localhost:35421/__cypress/runner/cypress_runner.js:162140:16)\n    at Async../node_modules/bluebird/js/release/async.js.Async._drainQueues (http://localhost:35421/__cypress/runner/cypress_runner.js:162150:10)\n    at Async.drainQueues (http://localhost:35421/__cypress/runner/cypress_runner.js:162024:14)",
                "diff": null
              },
              "uuid": "4d1b7dbd-52b9-47ad-927b-66853ef82ece",
              "parentUUID": "3ce81368-e335-40cd-a78d-3d42ff1595a0",
              "isHook": false,
              "skipped": false
            },
            {
              "title": "Verifica se o input está posicionado entre a paleta de cores e o quadro de pixels",
              "fullTitle": "10 - Faça o quadro de pixels ter seu tamanho definido pelo usuário. Verifica se o input está posicionado entre a paleta de cores e o quadro de pixels",
              "timedOut": null,
              "duration": 4295,
              "state": "failed",
              "speed": null,
              "pass": false,
              "fail": true,
              "pending": false,
              "context": null,
              "code": "cy.get('#color-palette').then(function (palette) {\n  cy.get('#board-size').should('be.belowOf', palette);\n});\ncy.get('#board-size').then(function (palette) {\n  cy.get('#pixel-board').should('be.belowOf', palette);\n});",
              "err": {
                "message": "CypressError: Timed out retrying: Expected to find element: '#board-size', but never found it.",
                "estack": "CypressError: Timed out retrying: Expected to find element: '#board-size', but never found it.\n    at cypressErr (http://localhost:35421/__cypress/runner/cypress_runner.js:149934:9)\n    at throwErr (http://localhost:35421/__cypress/runner/cypress_runner.js:149867:11)\n    at Object.throwErrByPath (http://localhost:35421/__cypress/runner/cypress_runner.js:149915:3)\n    at retry (http://localhost:35421/__cypress/runner/cypress_runner.js:144197:19)\n    at onFailFn (http://localhost:35421/__cypress/runner/cypress_runner.js:132448:16)\n    at tryCatcher (http://localhost:35421/__cypress/runner/cypress_runner.js:167415:23)\n    at Promise._settlePromiseFromHandler (http://localhost:35421/__cypress/runner/cypress_runner.js:165351:31)\n    at Promise._settlePromise (http://localhost:35421/__cypress/runner/cypress_runner.js:165408:18)\n    at Promise._settlePromise0 (http://localhost:35421/__cypress/runner/cypress_runner.js:165453:10)\n    at Promise._settlePromises (http://localhost:35421/__cypress/runner/cypress_runner.js:165528:18)\n    at Async../node_modules/bluebird/js/release/async.js.Async._drainQueue (http://localhost:35421/__cypress/runner/cypress_runner.js:162140:16)\n    at Async../node_modules/bluebird/js/release/async.js.Async._drainQueues (http://localhost:35421/__cypress/runner/cypress_runner.js:162150:10)\n    at Async.drainQueues (http://localhost:35421/__cypress/runner/cypress_runner.js:162024:14)",
                "diff": null
              },
              "uuid": "fb775aef-aedc-4095-8346-fc8fdfdba2e5",
              "parentUUID": "3ce81368-e335-40cd-a78d-3d42ff1595a0",
              "isHook": false,
              "skipped": false
            },
            {
              "title": "Verifica se o botão está posicionado ao lado do input",
              "fullTitle": "10 - Faça o quadro de pixels ter seu tamanho definido pelo usuário. Verifica se o botão está posicionado ao lado do input",
              "timedOut": null,
              "duration": 4284,
              "state": "failed",
              "speed": null,
              "pass": false,
              "fail": true,
              "pending": false,
              "context": null,
              "code": "cy.get('#board-size').then(function (board) {\n  cy.get('#generate-board').should('be.onTheRightOf', board);\n});",
              "err": {
                "message": "CypressError: Timed out retrying: Expected to find element: '#board-size', but never found it.",
                "estack": "CypressError: Timed out retrying: Expected to find element: '#board-size', but never found it.\n    at cypressErr (http://localhost:35421/__cypress/runner/cypress_runner.js:149934:9)\n    at throwErr (http://localhost:35421/__cypress/runner/cypress_runner.js:149867:11)\n    at Object.throwErrByPath (http://localhost:35421/__cypress/runner/cypress_runner.js:149915:3)\n    at retry (http://localhost:35421/__cypress/runner/cypress_runner.js:144197:19)\n    at onFailFn (http://localhost:35421/__cypress/runner/cypress_runner.js:132448:16)\n    at tryCatcher (http://localhost:35421/__cypress/runner/cypress_runner.js:167415:23)\n    at Promise._settlePromiseFromHandler (http://localhost:35421/__cypress/runner/cypress_runner.js:165351:31)\n    at Promise._settlePromise (http://localhost:35421/__cypress/runner/cypress_runner.js:165408:18)\n    at Promise._settlePromise0 (http://localhost:35421/__cypress/runner/cypress_runner.js:165453:10)\n    at Promise._settlePromises (http://localhost:35421/__cypress/runner/cypress_runner.js:165528:18)\n    at Async../node_modules/bluebird/js/release/async.js.Async._drainQueue (http://localhost:35421/__cypress/runner/cypress_runner.js:162140:16)\n    at Async../node_modules/bluebird/js/release/async.js.Async._drainQueues (http://localhost:35421/__cypress/runner/cypress_runner.js:162150:10)\n    at Async.drainQueues (http://localhost:35421/__cypress/runner/cypress_runner.js:162024:14)",
                "diff": null
              },
              "uuid": "42355350-307f-418b-be4c-c7b5c247d88e",
              "parentUUID": "3ce81368-e335-40cd-a78d-3d42ff1595a0",
              "isHook": false,
              "skipped": false
            },
            {
              "title": "Verifica se nenhum valor for colocado no input ao clicar no botão, um `alert` é exibido com o texto: 'Board inválido!'",
              "fullTitle": "10 - Faça o quadro de pixels ter seu tamanho definido pelo usuário. Verifica se nenhum valor for colocado no input ao clicar no botão, um `alert` é exibido com o texto: 'Board inválido!'",
              "timedOut": null,
              "duration": 4267,
              "state": "failed",
              "speed": null,
              "pass": false,
              "fail": true,
              "pending": false,
              "context": null,
              "code": "var alerted = false;\ncy.on('window:alert', function (msg) {\n  return alerted = msg;\n});\ncy.get('#generate-board').click().then(function () {\n  return expect(alerted).to.match(/Board inválido!/i);\n});",
              "err": {
                "message": "CypressError: Timed out retrying: Expected to find element: '#generate-board', but never found it.",
                "estack": "CypressError: Timed out retrying: Expected to find element: '#generate-board', but never found it.\n    at cypressErr (http://localhost:35421/__cypress/runner/cypress_runner.js:149934:9)\n    at throwErr (http://localhost:35421/__cypress/runner/cypress_runner.js:149867:11)\n    at Object.throwErrByPath (http://localhost:35421/__cypress/runner/cypress_runner.js:149915:3)\n    at retry (http://localhost:35421/__cypress/runner/cypress_runner.js:144197:19)\n    at onFailFn (http://localhost:35421/__cypress/runner/cypress_runner.js:132448:16)\n    at tryCatcher (http://localhost:35421/__cypress/runner/cypress_runner.js:167415:23)\n    at Promise._settlePromiseFromHandler (http://localhost:35421/__cypress/runner/cypress_runner.js:165351:31)\n    at Promise._settlePromise (http://localhost:35421/__cypress/runner/cypress_runner.js:165408:18)\n    at Promise._settlePromise0 (http://localhost:35421/__cypress/runner/cypress_runner.js:165453:10)\n    at Promise._settlePromises (http://localhost:35421/__cypress/runner/cypress_runner.js:165528:18)\n    at Async../node_modules/bluebird/js/release/async.js.Async._drainQueue (http://localhost:35421/__cypress/runner/cypress_runner.js:162140:16)\n    at Async../node_modules/bluebird/js/release/async.js.Async._drainQueues (http://localhost:35421/__cypress/runner/cypress_runner.js:162150:10)\n    at Async.drainQueues (http://localhost:35421/__cypress/runner/cypress_runner.js:162024:14)",
                "diff": null
              },
              "uuid": "4a192506-d569-46dc-904d-703f5c023b9c",
              "parentUUID": "3ce81368-e335-40cd-a78d-3d42ff1595a0",
              "isHook": false,
              "skipped": false
            },
            {
              "title": "Verifica se ao clicar no botão com um valor preenchido, o tamanho do board muda.",
              "fullTitle": "10 - Faça o quadro de pixels ter seu tamanho definido pelo usuário. Verifica se ao clicar no botão com um valor preenchido, o tamanho do board muda.",
              "timedOut": null,
              "duration": 4320,
              "state": "failed",
              "speed": null,
              "pass": false,
              "fail": true,
              "pending": false,
              "context": null,
              "code": "cy.get('#board-size').clear().type(10);\ncy.get('#generate-board').click();\ncy.get('.pixel').should('have.length', 100);",
              "err": {
                "message": "CypressError: Timed out retrying: Expected to find element: '#board-size', but never found it.",
                "estack": "CypressError: Timed out retrying: Expected to find element: '#board-size', but never found it.\n    at cypressErr (http://localhost:35421/__cypress/runner/cypress_runner.js:149934:9)\n    at throwErr (http://localhost:35421/__cypress/runner/cypress_runner.js:149867:11)\n    at Object.throwErrByPath (http://localhost:35421/__cypress/runner/cypress_runner.js:149915:3)\n    at retry (http://localhost:35421/__cypress/runner/cypress_runner.js:144197:19)\n    at onFailFn (http://localhost:35421/__cypress/runner/cypress_runner.js:132448:16)\n    at tryCatcher (http://localhost:35421/__cypress/runner/cypress_runner.js:167415:23)\n    at Promise._settlePromiseFromHandler (http://localhost:35421/__cypress/runner/cypress_runner.js:165351:31)\n    at Promise._settlePromise (http://localhost:35421/__cypress/runner/cypress_runner.js:165408:18)\n    at Promise._settlePromise0 (http://localhost:35421/__cypress/runner/cypress_runner.js:165453:10)\n    at Promise._settlePromises (http://localhost:35421/__cypress/runner/cypress_runner.js:165528:18)\n    at Async../node_modules/bluebird/js/release/async.js.Async._drainQueue (http://localhost:35421/__cypress/runner/cypress_runner.js:162140:16)\n    at Async../node_modules/bluebird/js/release/async.js.Async._drainQueues (http://localhost:35421/__cypress/runner/cypress_runner.js:162150:10)\n    at Async.drainQueues (http://localhost:35421/__cypress/runner/cypress_runner.js:162024:14)",
                "diff": null
              },
              "uuid": "5ba37365-41c7-4253-9797-8d4824d35853",
              "parentUUID": "3ce81368-e335-40cd-a78d-3d42ff1595a0",
              "isHook": false,
              "skipped": false
            },
            {
              "title": "Verifica se o novo quadro tem todos os pixels preenchidos com a cor branca",
              "fullTitle": "10 - Faça o quadro de pixels ter seu tamanho definido pelo usuário. Verifica se o novo quadro tem todos os pixels preenchidos com a cor branca",
              "timedOut": null,
              "duration": 4322,
              "state": "failed",
              "speed": null,
              "pass": false,
              "fail": true,
              "pending": false,
              "context": null,
              "code": "cy.get('#board-size').clear().type(6);\ncy.get('#generate-board').click();\ncy.get('.pixel').should('have.length', 36).each(function (pixel) {\n  expect(pixel).to.have.css('background-color', WHITE);\n});",
              "err": {
                "message": "CypressError: Timed out retrying: Expected to find element: '#board-size', but never found it.",
                "estack": "CypressError: Timed out retrying: Expected to find element: '#board-size', but never found it.\n    at cypressErr (http://localhost:35421/__cypress/runner/cypress_runner.js:149934:9)\n    at throwErr (http://localhost:35421/__cypress/runner/cypress_runner.js:149867:11)\n    at Object.throwErrByPath (http://localhost:35421/__cypress/runner/cypress_runner.js:149915:3)\n    at retry (http://localhost:35421/__cypress/runner/cypress_runner.js:144197:19)\n    at onFailFn (http://localhost:35421/__cypress/runner/cypress_runner.js:132448:16)\n    at tryCatcher (http://localhost:35421/__cypress/runner/cypress_runner.js:167415:23)\n    at Promise._settlePromiseFromHandler (http://localhost:35421/__cypress/runner/cypress_runner.js:165351:31)\n    at Promise._settlePromise (http://localhost:35421/__cypress/runner/cypress_runner.js:165408:18)\n    at Promise._settlePromise0 (http://localhost:35421/__cypress/runner/cypress_runner.js:165453:10)\n    at Promise._settlePromises (http://localhost:35421/__cypress/runner/cypress_runner.js:165528:18)\n    at Async../node_modules/bluebird/js/release/async.js.Async._drainQueue (http://localhost:35421/__cypress/runner/cypress_runner.js:162140:16)\n    at Async../node_modules/bluebird/js/release/async.js.Async._drainQueues (http://localhost:35421/__cypress/runner/cypress_runner.js:162150:10)\n    at Async.drainQueues (http://localhost:35421/__cypress/runner/cypress_runner.js:162024:14)",
                "diff": null
              },
              "uuid": "7bc1a163-1c36-4c0b-b524-a6bf2667255a",
              "parentUUID": "3ce81368-e335-40cd-a78d-3d42ff1595a0",
              "isHook": false,
              "skipped": false
            }
          ],
          "suites": [],
          "passes": [],
          "failures": [
            "b687e126-21ef-44a5-843c-15c84b6fc933",
            "f3156e10-e156-44b9-8762-fbb14488af89",
            "769ed161-ef2a-4722-aa8b-698281cb3198",
            "4d1b7dbd-52b9-47ad-927b-66853ef82ece",
            "fb775aef-aedc-4095-8346-fc8fdfdba2e5",
            "42355350-307f-418b-be4c-c7b5c247d88e",
            "4a192506-d569-46dc-904d-703f5c023b9c",
            "5ba37365-41c7-4253-9797-8d4824d35853",
            "7bc1a163-1c36-4c0b-b524-a6bf2667255a"
          ],
          "pending": [],
          "skipped": [],
          "duration": 38758,
          "root": false,
          "rootEmpty": false,
          "_timeout": 2000
        },
        {
          "uuid": "1d3ede96-75e2-4366-9237-07f482f6fa86",
          "title": "11 - Limite o tamanho mínimo e máximo do board.",
          "fullFile": "",
          "file": "",
          "beforeHooks": [],
          "afterHooks": [],
          "tests": [
            {
              "title": "Verifica se a altura máxima do board é 50",
              "fullTitle": "11 - Limite o tamanho mínimo e máximo do board. Verifica se a altura máxima do board é 50",
              "timedOut": null,
              "duration": 4390,
              "state": "failed",
              "speed": null,
              "pass": false,
              "fail": true,
              "pending": false,
              "context": null,
              "code": "cy.get('#board-size').clear().type(50);\ncy.get('#generate-board').click();\ncy.get('.pixel').should('have.length', 2500);",
              "err": {
                "message": "CypressError: Timed out retrying: Expected to find element: '#board-size', but never found it.",
                "estack": "CypressError: Timed out retrying: Expected to find element: '#board-size', but never found it.\n    at cypressErr (http://localhost:35421/__cypress/runner/cypress_runner.js:149934:9)\n    at throwErr (http://localhost:35421/__cypress/runner/cypress_runner.js:149867:11)\n    at Object.throwErrByPath (http://localhost:35421/__cypress/runner/cypress_runner.js:149915:3)\n    at retry (http://localhost:35421/__cypress/runner/cypress_runner.js:144197:19)\n    at onFailFn (http://localhost:35421/__cypress/runner/cypress_runner.js:132448:16)\n    at tryCatcher (http://localhost:35421/__cypress/runner/cypress_runner.js:167415:23)\n    at Promise._settlePromiseFromHandler (http://localhost:35421/__cypress/runner/cypress_runner.js:165351:31)\n    at Promise._settlePromise (http://localhost:35421/__cypress/runner/cypress_runner.js:165408:18)\n    at Promise._settlePromise0 (http://localhost:35421/__cypress/runner/cypress_runner.js:165453:10)\n    at Promise._settlePromises (http://localhost:35421/__cypress/runner/cypress_runner.js:165528:18)\n    at Async../node_modules/bluebird/js/release/async.js.Async._drainQueue (http://localhost:35421/__cypress/runner/cypress_runner.js:162140:16)\n    at Async../node_modules/bluebird/js/release/async.js.Async._drainQueues (http://localhost:35421/__cypress/runner/cypress_runner.js:162150:10)\n    at Async.drainQueues (http://localhost:35421/__cypress/runner/cypress_runner.js:162024:14)",
                "diff": null
              },
              "uuid": "b8f8d1cb-59cc-42fb-bc83-9264ebb732c1",
              "parentUUID": "1d3ede96-75e2-4366-9237-07f482f6fa86",
              "isHook": false,
              "skipped": false
            },
            {
              "title": "Verifica se a altura do board é 5 quando um valor menor é colocado no input",
              "fullTitle": "11 - Limite o tamanho mínimo e máximo do board. Verifica se a altura do board é 5 quando um valor menor é colocado no input",
              "timedOut": null,
              "duration": 4375,
              "state": "failed",
              "speed": null,
              "pass": false,
              "fail": true,
              "pending": false,
              "context": null,
              "code": "cy.get('#board-size').clear().type(4);\ncy.get('#generate-board').click();\ncy.get('.pixel').should('have.length', 25);",
              "err": {
                "message": "CypressError: Timed out retrying: Expected to find element: '#board-size', but never found it.",
                "estack": "CypressError: Timed out retrying: Expected to find element: '#board-size', but never found it.\n    at cypressErr (http://localhost:35421/__cypress/runner/cypress_runner.js:149934:9)\n    at throwErr (http://localhost:35421/__cypress/runner/cypress_runner.js:149867:11)\n    at Object.throwErrByPath (http://localhost:35421/__cypress/runner/cypress_runner.js:149915:3)\n    at retry (http://localhost:35421/__cypress/runner/cypress_runner.js:144197:19)\n    at onFailFn (http://localhost:35421/__cypress/runner/cypress_runner.js:132448:16)\n    at tryCatcher (http://localhost:35421/__cypress/runner/cypress_runner.js:167415:23)\n    at Promise._settlePromiseFromHandler (http://localhost:35421/__cypress/runner/cypress_runner.js:165351:31)\n    at Promise._settlePromise (http://localhost:35421/__cypress/runner/cypress_runner.js:165408:18)\n    at Promise._settlePromise0 (http://localhost:35421/__cypress/runner/cypress_runner.js:165453:10)\n    at Promise._settlePromises (http://localhost:35421/__cypress/runner/cypress_runner.js:165528:18)\n    at Async../node_modules/bluebird/js/release/async.js.Async._drainQueue (http://localhost:35421/__cypress/runner/cypress_runner.js:162140:16)\n    at Async../node_modules/bluebird/js/release/async.js.Async._drainQueues (http://localhost:35421/__cypress/runner/cypress_runner.js:162150:10)\n    at Async.drainQueues (http://localhost:35421/__cypress/runner/cypress_runner.js:162024:14)",
                "diff": null
              },
              "uuid": "5a2c8ad3-1543-49e1-a48e-036e433e4799",
              "parentUUID": "1d3ede96-75e2-4366-9237-07f482f6fa86",
              "isHook": false,
              "skipped": false
            },
            {
              "title": "Verifica se a altura do board é 50 quando um valor maior é colocado no input",
              "fullTitle": "11 - Limite o tamanho mínimo e máximo do board. Verifica se a altura do board é 50 quando um valor maior é colocado no input",
              "timedOut": null,
              "duration": 4310,
              "state": "failed",
              "speed": null,
              "pass": false,
              "fail": true,
              "pending": false,
              "context": null,
              "code": "cy.get('#board-size').clear().type(51);\ncy.get('#generate-board').click();\ncy.get('.pixel').should('have.length', 2500);",
              "err": {
                "message": "CypressError: Timed out retrying: Expected to find element: '#board-size', but never found it.",
                "estack": "CypressError: Timed out retrying: Expected to find element: '#board-size', but never found it.\n    at cypressErr (http://localhost:35421/__cypress/runner/cypress_runner.js:149934:9)\n    at throwErr (http://localhost:35421/__cypress/runner/cypress_runner.js:149867:11)\n    at Object.throwErrByPath (http://localhost:35421/__cypress/runner/cypress_runner.js:149915:3)\n    at retry (http://localhost:35421/__cypress/runner/cypress_runner.js:144197:19)\n    at onFailFn (http://localhost:35421/__cypress/runner/cypress_runner.js:132448:16)\n    at tryCatcher (http://localhost:35421/__cypress/runner/cypress_runner.js:167415:23)\n    at Promise._settlePromiseFromHandler (http://localhost:35421/__cypress/runner/cypress_runner.js:165351:31)\n    at Promise._settlePromise (http://localhost:35421/__cypress/runner/cypress_runner.js:165408:18)\n    at Promise._settlePromise0 (http://localhost:35421/__cypress/runner/cypress_runner.js:165453:10)\n    at Promise._settlePromises (http://localhost:35421/__cypress/runner/cypress_runner.js:165528:18)\n    at Async../node_modules/bluebird/js/release/async.js.Async._drainQueue (http://localhost:35421/__cypress/runner/cypress_runner.js:162140:16)\n    at Async../node_modules/bluebird/js/release/async.js.Async._drainQueues (http://localhost:35421/__cypress/runner/cypress_runner.js:162150:10)\n    at Async.drainQueues (http://localhost:35421/__cypress/runner/cypress_runner.js:162024:14)",
                "diff": null
              },
              "uuid": "d6277a2d-a2f0-4f94-b083-985a55dc6e6a",
              "parentUUID": "1d3ede96-75e2-4366-9237-07f482f6fa86",
              "isHook": false,
              "skipped": false
            }
          ],
          "suites": [],
          "passes": [],
          "failures": [
            "b8f8d1cb-59cc-42fb-bc83-9264ebb732c1",
            "5a2c8ad3-1543-49e1-a48e-036e433e4799",
            "d6277a2d-a2f0-4f94-b083-985a55dc6e6a"
          ],
          "pending": [],
          "skipped": [],
          "duration": 13075,
          "root": false,
          "rootEmpty": false,
          "_timeout": 2000
        },
        {
          "uuid": "bd2b4012-4aed-4ea9-b669-4a9f7eb36b55",
          "title": "12 - Faça com que as cores da paleta sejam geradas aleatoriamente ao carregar a página.",
          "fullFile": "",
          "file": "",
          "beforeHooks": [],
          "afterHooks": [],
          "tests": [
            {
              "title": "Verifica se as cores geradas na paleta são diferentes a cada carregamento da página",
              "fullTitle": "12 - Faça com que as cores da paleta sejam geradas aleatoriamente ao carregar a página. Verifica se as cores geradas na paleta são diferentes a cada carregamento da página",
              "timedOut": null,
              "duration": 449,
              "state": "failed",
              "speed": null,
              "pass": false,
              "fail": true,
              "pending": false,
              "context": null,
              "code": "cy.get('.color').then(function (colors) {\n  var currentColors;\n  var previousColors;\n  previousColors = Array.from(colors).map(function (color) {\n    return Cypress.$(color).css('background-color');\n  });\n  for (var i = 0; i < 5; i += 1) {\n    cy.reload();\n    cy.get('.color').then(function (colors) {\n      currentColors = Array.from(colors).map(function (color) {\n        return Cypress.$(color).css('background-color');\n      });\n      expect(currentColors).not.to.deep.equal(previousColors);\n      previousColors = currentColors;\n    });\n  }\n});",
              "err": {
                "message": "AssertionError: expected [ Array(4) ] to not deeply equal [ Array(4) ]",
                "estack": "AssertionError: expected [ Array(4) ] to not deeply equal [ Array(4) ]\n    at getRet (http://localhost:35421/__cypress/runner/cypress_runner.js:136585:16)\n    at tryCatcher (http://localhost:35421/__cypress/runner/cypress_runner.js:167415:23)\n    at Function.Promise.attempt.Promise.try (http://localhost:35421/__cypress/runner/cypress_runner.js:164690:29)\n    at Context.thenFn (http://localhost:35421/__cypress/runner/cypress_runner.js:136599:23)\n    at Context.then (http://localhost:35421/__cypress/runner/cypress_runner.js:136971:21)\n    at Context.<anonymous> (http://localhost:35421/__cypress/runner/cypress_runner.js:148875:21)\n    at http://localhost:35421/__cypress/runner/cypress_runner.js:148351:33\n    at tryCatcher (http://localhost:35421/__cypress/runner/cypress_runner.js:167415:23)\n    at Promise._settlePromiseFromHandler (http://localhost:35421/__cypress/runner/cypress_runner.js:165351:31)\n    at Promise._settlePromise (http://localhost:35421/__cypress/runner/cypress_runner.js:165408:18)\n    at Promise._settlePromiseCtx (http://localhost:35421/__cypress/runner/cypress_runner.js:165445:10)\n    at Async../node_modules/bluebird/js/release/async.js.Async._drainQueue (http://localhost:35421/__cypress/runner/cypress_runner.js:162145:12)\n    at Async../node_modules/bluebird/js/release/async.js.Async._drainQueues (http://localhost:35421/__cypress/runner/cypress_runner.js:162150:10)\n    at Async.drainQueues (http://localhost:35421/__cypress/runner/cypress_runner.js:162024:14)",
                "diff": ""
              },
              "uuid": "ece2f356-d777-4257-b3fb-ef397a212c4b",
              "parentUUID": "bd2b4012-4aed-4ea9-b669-4a9f7eb36b55",
              "isHook": false,
              "skipped": false
            },
            {
              "title": "Verifica se a cor preta ainda está presente e é a primeira na sua paleta de cores",
              "fullTitle": "12 - Faça com que as cores da paleta sejam geradas aleatoriamente ao carregar a página. Verifica se a cor preta ainda está presente e é a primeira na sua paleta de cores",
              "timedOut": null,
              "duration": 380,
              "state": "failed",
              "speed": null,
              "pass": false,
              "fail": true,
              "pending": false,
              "context": null,
              "code": "cy.get('.color').then(function (colors) {\n  var currentColors;\n  var previousColors;\n  previousColors = Array.from(colors).map(function (color) {\n    return Cypress.$(color).css('background-color');\n  });\n  expect(previousColors[0]).to.eq(BLACK);\n  for (var i = 0; i < 5; i += 1) {\n    cy.reload();\n    cy.get('.color').then(function (colors) {\n      currentColors = Array.from(colors).map(function (color) {\n        return Cypress.$(color).css('background-color');\n      });\n      expect(currentColors[0]).to.eq(BLACK);\n      expect(currentColors).not.to.deep.equal(previousColors);\n      previousColors = currentColors;\n    });\n  }\n});",
              "err": {
                "message": "AssertionError: expected [ Array(4) ] to not deeply equal [ Array(4) ]",
                "estack": "AssertionError: expected [ Array(4) ] to not deeply equal [ Array(4) ]\n    at getRet (http://localhost:35421/__cypress/runner/cypress_runner.js:136585:16)\n    at tryCatcher (http://localhost:35421/__cypress/runner/cypress_runner.js:167415:23)\n    at Function.Promise.attempt.Promise.try (http://localhost:35421/__cypress/runner/cypress_runner.js:164690:29)\n    at Context.thenFn (http://localhost:35421/__cypress/runner/cypress_runner.js:136599:23)\n    at Context.then (http://localhost:35421/__cypress/runner/cypress_runner.js:136971:21)\n    at Context.<anonymous> (http://localhost:35421/__cypress/runner/cypress_runner.js:148875:21)\n    at http://localhost:35421/__cypress/runner/cypress_runner.js:148351:33\n    at tryCatcher (http://localhost:35421/__cypress/runner/cypress_runner.js:167415:23)\n    at Promise._settlePromiseFromHandler (http://localhost:35421/__cypress/runner/cypress_runner.js:165351:31)\n    at Promise._settlePromise (http://localhost:35421/__cypress/runner/cypress_runner.js:165408:18)\n    at Promise._settlePromiseCtx (http://localhost:35421/__cypress/runner/cypress_runner.js:165445:10)\n    at Async../node_modules/bluebird/js/release/async.js.Async._drainQueue (http://localhost:35421/__cypress/runner/cypress_runner.js:162145:12)\n    at Async../node_modules/bluebird/js/release/async.js.Async._drainQueues (http://localhost:35421/__cypress/runner/cypress_runner.js:162150:10)\n    at Async.drainQueues (http://localhost:35421/__cypress/runner/cypress_runner.js:162024:14)",
                "diff": ""
              },
              "uuid": "712d82eb-187f-4b1e-92e7-e54638b0ab78",
              "parentUUID": "bd2b4012-4aed-4ea9-b669-4a9f7eb36b55",
              "isHook": false,
              "skipped": false
            }
          ],
          "suites": [],
          "passes": [],
          "failures": [
            "ece2f356-d777-4257-b3fb-ef397a212c4b",
            "712d82eb-187f-4b1e-92e7-e54638b0ab78"
          ],
          "pending": [],
          "skipped": [],
          "duration": 829,
          "root": false,
          "rootEmpty": false,
          "_timeout": 2000
        }
      ],
      "passes": [],
      "failures": [],
      "pending": [],
      "skipped": [],
      "duration": 0,
      "root": true,
      "rootEmpty": true,
      "_timeout": 2000
    }
  ],
  "meta": {
    "mocha": {
      "version": "7.0.1"
    },
    "mochawesome": {
      "options": {
        "quiet": false,
        "reportFilename": "mochawesome",
        "saveHtml": false,
        "saveJson": true,
        "consoleReporter": "spec",
        "useInlineDiffs": false
      },
      "version": "4.1.0"
    },
    "marge": {
      "options": {
        "id": "default",
        "reportDir": "cypress/reports",
        "overwrite": true,
        "html": false,
        "json": true
      },
      "version": "4.1.0"
    }
  }
}